#
# There is insufficient memory for the Java Runtime Environment to continue.
# Native memory allocation (malloc) failed to allocate 32744 bytes for ChunkPool::allocate
# Possible reasons:
#   The system is out of physical RAM or swap space
#   The process is running with CompressedOops enabled, and the Java Heap may be blocking the growth of the native heap
# Possible solutions:
#   Reduce memory load on the system
#   Increase physical memory or swap space
#   Check if swap backing store is full
#   Decrease Java heap size (-Xmx/-Xms)
#   Decrease number of Java threads
#   Decrease Java thread stack sizes (-Xss)
#   Set larger code cache with -XX:ReservedCodeCacheSize=
#   JVM is running with Unscaled Compressed Oops mode in which the Java heap is
#     placed in the first 4GB address space. The Java Heap base address is the
#     maximum limit for the native heap growth. Please use -XX:HeapBaseMinAddress
#     to set the Java Heap base and to place the Java Heap above 4GB virtual address.
# This output file may be truncated or incomplete.
#
#  Out of Memory Error (src/hotspot/share/memory/arena.cpp:81), pid=14460, tid=13344
#
# JRE version: OpenJDK Runtime Environment (11.0.15) (build 11.0.15+0-b2043.56-9505619)
# Java VM: OpenJDK 64-Bit Server VM (11.0.15+0-b2043.56-9505619, mixed mode, tiered, compressed oops, g1 gc, windows-amd64)
# No core dump will be written. Minidumps are not enabled by default on client versions of Windows
#

---------------  S U M M A R Y ------------

Command Line: -XX:MaxMetaspaceSize=512m --add-opens=java.base/java.util=ALL-UNNAMED --add-opens=java.base/java.lang=ALL-UNNAMED --add-opens=java.base/java.lang.invoke=ALL-UNNAMED --add-opens=java.base/java.util=ALL-UNNAMED --add-opens=java.prefs/java.util.prefs=ALL-UNNAMED --add-opens=java.prefs/java.util.prefs=ALL-UNNAMED --add-opens=java.base/java.nio.charset=ALL-UNNAMED --add-opens=java.base/java.net=ALL-UNNAMED --add-opens=java.base/java.util.concurrent.atomic=ALL-UNNAMED -Xmx2048m -Dfile.encoding=windows-1252 -Duser.country=US -Duser.language=en -Duser.variant org.gradle.launcher.daemon.bootstrap.GradleDaemon 7.5.1

Host: 11th Gen Intel(R) Core(TM) i5-1135G7 @ 2.40GHz, 8 cores, 15G,  Windows 10 , 64 bit Build 19041 (10.0.19041.3155)
Time: Wed Aug 30 23:27:00 2023 Bangladesh Standard Time elapsed time: 84.701053 seconds (0d 0h 1m 24s)

---------------  T H R E A D  ---------------

Current thread (0x00000234d0ed8000):  JavaThread "C2 CompilerThread0" daemon [_thread_in_native, id=13344, stack(0x0000009990c00000,0x0000009990d00000)]


Current CompileTask:
C2:  84701 3873       4       java.util.regex.Matcher::search (154 bytes)

Stack: [0x0000009990c00000,0x0000009990d00000]
Native frames: (J=compiled Java code, j=interpreted, Vv=VM code, C=native code)
V  [jvm.dll+0x64135a]
V  [jvm.dll+0x7d39f9]
V  [jvm.dll+0x7d51b9]
V  [jvm.dll+0x7d58a3]
V  [jvm.dll+0x2691c5]
V  [jvm.dll+0xc1cbf]
V  [jvm.dll+0xc200c]
V  [jvm.dll+0xc1b6b]
V  [jvm.dll+0x61e08f]
V  [jvm.dll+0x67315d]
V  [jvm.dll+0x1b39e0]
V  [jvm.dll+0x22163e]
V  [jvm.dll+0x220498]
V  [jvm.dll+0x19e851]
V  [jvm.dll+0x230479]
V  [jvm.dll+0x22e5ef]
V  [jvm.dll+0x794de1]
V  [jvm.dll+0x78dc24]
V  [jvm.dll+0x6400f6]
C  [ucrtbase.dll+0x21bb2]
C  [KERNEL32.DLL+0x17614]
C  [ntdll.dll+0x526b1]


---------------  P R O C E S S  ---------------

Threads class SMR info:
_java_thread_list=0x00000234d2540af0, length=36, elements={
0x00000234b616f000, 0x00000234d0e70800, 0x00000234d0e71000, 0x00000234d0ed1000,
0x00000234d0ed4000, 0x00000234d0ed7000, 0x00000234d0ed8000, 0x00000234d0edb800,
0x00000234d0edc800, 0x00000234d0f80800, 0x00000234d3c90000, 0x00000234d2d20800,
0x00000234d3be6800, 0x00000234d26ed800, 0x00000234d27a7000, 0x00000234d4497800,
0x00000234d48f6800, 0x00000234d14ac800, 0x00000234d3846000, 0x00000234d2816800,
0x00000234d1708000, 0x00000234d1704000, 0x00000234d1704800, 0x00000234d1705800,
0x00000234d1706000, 0x00000234d1707000, 0x00000234d1708800, 0x00000234d1703000,
0x00000234d1709800, 0x00000234d437a000, 0x00000234d4379000, 0x00000234d437d000,
0x00000234d437c800, 0x00000234d437f800, 0x00000234d437b800, 0x00000234d437e000
}

Java Threads: ( => current thread )
  0x00000234b616f000 JavaThread "main" [_thread_blocked, id=16568, stack(0x000000998ff00000,0x0000009990000000)]
  0x00000234d0e70800 JavaThread "Reference Handler" daemon [_thread_blocked, id=3448, stack(0x0000009990700000,0x0000009990800000)]
  0x00000234d0e71000 JavaThread "Finalizer" daemon [_thread_blocked, id=18500, stack(0x0000009990800000,0x0000009990900000)]
  0x00000234d0ed1000 JavaThread "Signal Dispatcher" daemon [_thread_blocked, id=23132, stack(0x0000009990900000,0x0000009990a00000)]
  0x00000234d0ed4000 JavaThread "Attach Listener" daemon [_thread_blocked, id=11392, stack(0x0000009990a00000,0x0000009990b00000)]
  0x00000234d0ed7000 JavaThread "Service Thread" daemon [_thread_blocked, id=21744, stack(0x0000009990b00000,0x0000009990c00000)]
=>0x00000234d0ed8000 JavaThread "C2 CompilerThread0" daemon [_thread_in_native, id=13344, stack(0x0000009990c00000,0x0000009990d00000)]
  0x00000234d0edb800 JavaThread "C1 CompilerThread0" daemon [_thread_blocked, id=19888, stack(0x0000009990d00000,0x0000009990e00000)]
  0x00000234d0edc800 JavaThread "Sweeper thread" daemon [_thread_blocked, id=4956, stack(0x0000009990e00000,0x0000009990f00000)]
  0x00000234d0f80800 JavaThread "Common-Cleaner" daemon [_thread_blocked, id=284, stack(0x0000009990f00000,0x0000009991000000)]
  0x00000234d3c90000 JavaThread "Daemon health stats" [_thread_blocked, id=17872, stack(0x0000009991700000,0x0000009991800000)]
  0x00000234d2d20800 JavaThread "Incoming local TCP Connector on port 13277" [_thread_in_native, id=25876, stack(0x0000009991100000,0x0000009991200000)]
  0x00000234d3be6800 JavaThread "Daemon periodic checks" [_thread_blocked, id=25880, stack(0x0000009991800000,0x0000009991900000)]
  0x00000234d26ed800 JavaThread "Daemon" [_thread_blocked, id=25916, stack(0x0000009991900000,0x0000009991a00000)]
  0x00000234d27a7000 JavaThread "Handler for socket connection from /127.0.0.1:13277 to /127.0.0.1:13278" [_thread_in_native, id=25924, stack(0x0000009991a00000,0x0000009991b00000)]
  0x00000234d4497800 JavaThread "Cancel handler" [_thread_blocked, id=25932, stack(0x0000009991b00000,0x0000009991c00000)]
  0x00000234d48f6800 JavaThread "Daemon worker" [_thread_in_native, id=25936, stack(0x0000009991c00000,0x0000009991d00000)]
  0x00000234d14ac800 JavaThread "Asynchronous log dispatcher for DefaultDaemonConnection: socket connection from /127.0.0.1:13277 to /127.0.0.1:13278" [_thread_blocked, id=25984, stack(0x0000009991d00000,0x0000009991e00000)]
  0x00000234d3846000 JavaThread "Stdin handler" [_thread_blocked, id=25988, stack(0x0000009991e00000,0x0000009991f00000)]
  0x00000234d2816800 JavaThread "Daemon client event forwarder" [_thread_blocked, id=25996, stack(0x0000009991f00000,0x0000009992000000)]
  0x00000234d1708000 JavaThread "Cache worker for journal cache (C:\Users\HP\.gradle\caches\journal-1)" [_thread_blocked, id=26012, stack(0x0000009992000000,0x0000009992100000)]
  0x00000234d1704000 JavaThread "File lock request listener" [_thread_in_native, id=26028, stack(0x0000009992100000,0x0000009992200000)]
  0x00000234d1704800 JavaThread "Cache worker for file hash cache (C:\Users\HP\.gradle\caches\7.5.1\fileHashes)" [_thread_blocked, id=26104, stack(0x0000009992200000,0x0000009992300000)]
  0x00000234d1705800 JavaThread "File lock release action executor" [_thread_blocked, id=26280, stack(0x0000009992600000,0x0000009992700000)]
  0x00000234d1706000 JavaThread "File watcher server" daemon [_thread_in_native, id=10512, stack(0x0000009992700000,0x0000009992800000)]
  0x00000234d1707000 JavaThread "File watcher consumer" daemon [_thread_blocked, id=17032, stack(0x0000009992800000,0x0000009992900000)]
  0x00000234d1708800 JavaThread "Cache worker for checksums cache (D:\ShohozSeba\UserApp\android\.gradle\7.5.1\checksums)" [_thread_blocked, id=24832, stack(0x0000009992900000,0x0000009992a00000)]
  0x00000234d1703000 JavaThread "Cache worker for cache directory md-rule (C:\Users\HP\.gradle\caches\7.5.1\md-rule)" [_thread_blocked, id=25768, stack(0x0000009992a00000,0x0000009992b00000)]
  0x00000234d1709800 JavaThread "Cache worker for file content cache (C:\Users\HP\.gradle\caches\7.5.1\fileContent)" [_thread_blocked, id=4068, stack(0x0000009992b00000,0x0000009992c00000)]
  0x00000234d437a000 JavaThread "Cache worker for file hash cache (D:\ShohozSeba\UserApp\android\.gradle\7.5.1\fileHashes)" [_thread_blocked, id=12244, stack(0x0000009992c00000,0x0000009992d00000)]
  0x00000234d4379000 JavaThread "Cache worker for cache directory md-supplier (C:\Users\HP\.gradle\caches\7.5.1\md-supplier)" [_thread_blocked, id=6044, stack(0x0000009992d00000,0x0000009992e00000)]
  0x00000234d437d000 JavaThread "Cache worker for execution history cache (C:\Users\HP\.gradle\caches\7.5.1\executionHistory)" [_thread_blocked, id=25972, stack(0x0000009992e00000,0x0000009992f00000)]
  0x00000234d437c800 JavaThread "jar transforms" [_thread_blocked, id=26644, stack(0x0000009992f00000,0x0000009993000000)]
  0x00000234d437f800 JavaThread "jar transforms Thread 2" [_thread_blocked, id=27440, stack(0x0000009993200000,0x0000009993300000)]
  0x00000234d437b800 JavaThread "jar transforms Thread 3" [_thread_blocked, id=28188, stack(0x0000009993300000,0x0000009993400000)]
  0x00000234d437e000 JavaThread "jar transforms Thread 4" [_thread_blocked, id=28436, stack(0x0000009993400000,0x0000009993500000)]

Other Threads:
  0x00000234d064a000 VMThread "VM Thread" [stack: 0x0000009990600000,0x0000009990700000] [id=10700]
  0x00000234d0fbc800 WatcherThread [stack: 0x0000009991000000,0x0000009991100000] [id=148]
  0x00000234b6186000 GCTaskThread "GC Thread#0" [stack: 0x0000009990100000,0x0000009990200000] [id=10140]
  0x00000234d248b000 GCTaskThread "GC Thread#1" [stack: 0x0000009991200000,0x0000009991300000] [id=24872]
  0x00000234d21e8000 GCTaskThread "GC Thread#2" [stack: 0x0000009991300000,0x0000009991400000] [id=2456]
  0x00000234d1f93800 GCTaskThread "GC Thread#3" [stack: 0x0000009991400000,0x0000009991500000] [id=2936]
  0x00000234d1cae000 GCTaskThread "GC Thread#4" [stack: 0x0000009991500000,0x0000009991600000] [id=23524]
  0x00000234d1f2c000 GCTaskThread "GC Thread#5" [stack: 0x0000009991600000,0x0000009991700000] [id=18996]
  0x00000234d2591800 GCTaskThread "GC Thread#6" [stack: 0x0000009992300000,0x0000009992400000] [id=26108]
  0x00000234d22e0800 GCTaskThread "GC Thread#7" [stack: 0x0000009992400000,0x0000009992500000] [id=26112]
  0x00000234b61b8800 ConcurrentGCThread "G1 Main Marker" [stack: 0x0000009990200000,0x0000009990300000] [id=2872]
  0x00000234b61bb800 ConcurrentGCThread "G1 Conc#0" [stack: 0x0000009990300000,0x0000009990400000] [id=9708]
  0x00000234d394f800 ConcurrentGCThread "G1 Conc#1" [stack: 0x0000009992500000,0x0000009992600000] [id=26116]
  0x00000234d04d6800 ConcurrentGCThread "G1 Refine#0" [stack: 0x0000009990400000,0x0000009990500000] [id=16620]
  0x00000234d04d7800 ConcurrentGCThread "G1 Young RemSet Sampling" [stack: 0x0000009990500000,0x0000009990600000] [id=22040]

Threads with active compile tasks:
C2 CompilerThread0    84816 3873       4       java.util.regex.Matcher::search (154 bytes)

VM state:not at safepoint (normal execution)

VM Mutex/Monitor currently owned by a thread: None

Heap address: 0x0000000080000000, size: 2048 MB, Compressed Oops mode: 32-bit
Narrow klass base: 0x0000000000000000, Narrow klass shift: 3
Compressed class space size: 528482304 Address: 0x0000000100000000

Heap:
 garbage-first heap   total 258048K, used 89366K [0x0000000080000000, 0x0000000100000000)
  region size 1024K, 70 young (71680K), 6 survivors (6144K)
 Metaspace       used 40782K, capacity 41845K, committed 42108K, reserved 552960K
  class space    used 5128K, capacity 5533K, committed 5580K, reserved 516096K
Heap Regions: E=young(eden), S=young(survivor), O=old, HS=humongous(starts), HC=humongous(continues), CS=collection set, F=free, A=archive, TAMS=top-at-mark-start (previous, next)
|   0|0x0000000080000000, 0x0000000080100000, 0x0000000080100000|100%| O|  |TAMS 0x0000000080100000, 0x0000000080000000| Untracked 
|   1|0x0000000080100000, 0x0000000080200000, 0x0000000080200000|100%| O|  |TAMS 0x0000000080200000, 0x0000000080100000| Untracked 
|   2|0x0000000080200000, 0x0000000080300000, 0x0000000080300000|100%| O|  |TAMS 0x0000000080300000, 0x0000000080200000| Untracked 
|   3|0x0000000080300000, 0x0000000080400000, 0x0000000080400000|100%|HS|  |TAMS 0x0000000080400000, 0x0000000080300000| Complete 
|   4|0x0000000080400000, 0x0000000080500000, 0x0000000080500000|100%|HC|  |TAMS 0x0000000080500000, 0x0000000080400000| Complete 
|   5|0x0000000080500000, 0x0000000080600000, 0x0000000080600000|100%|HC|  |TAMS 0x0000000080600000, 0x0000000080500000| Complete 
|   6|0x0000000080600000, 0x0000000080700000, 0x0000000080700000|100%| O|  |TAMS 0x0000000080700000, 0x0000000080600000| Untracked 
|   7|0x0000000080700000, 0x0000000080800000, 0x0000000080800000|100%| O|  |TAMS 0x0000000080800000, 0x0000000080700000| Untracked 
|   8|0x0000000080800000, 0x0000000080900000, 0x0000000080900000|100%| O|  |TAMS 0x0000000080900000, 0x0000000080800000| Untracked 
|   9|0x0000000080900000, 0x0000000080a00000, 0x0000000080a00000|100%| O|  |TAMS 0x0000000080a00000, 0x0000000080900000| Untracked 
|  10|0x0000000080a00000, 0x0000000080b00000, 0x0000000080b00000|100%| O|  |TAMS 0x0000000080b00000, 0x0000000080a00000| Untracked 
|  11|0x0000000080b00000, 0x0000000080c00000, 0x0000000080c00000|100%| O|  |TAMS 0x0000000080c00000, 0x0000000080b00000| Untracked 
|  12|0x0000000080c00000, 0x0000000080d00000, 0x0000000080d00000|100%| O|  |TAMS 0x0000000080d00000, 0x0000000080c00000| Untracked 
|  13|0x0000000080d00000, 0x0000000080e00000, 0x0000000080e00000|100%| O|  |TAMS 0x0000000080e00000, 0x0000000080d00000| Untracked 
|  14|0x0000000080e00000, 0x0000000080f00000, 0x0000000080f00000|100%| O|  |TAMS 0x0000000080f00000, 0x0000000080e00000| Untracked 
|  15|0x0000000080f00000, 0x0000000081000000, 0x0000000081000000|100%| O|  |TAMS 0x0000000081000000, 0x0000000080f00000| Untracked 
|  16|0x0000000081000000, 0x000000008106a600, 0x0000000081100000| 41%| O|  |TAMS 0x000000008106a600, 0x0000000081000000| Untracked 
|  17|0x0000000081100000, 0x0000000081200000, 0x0000000081200000|100%|HS|  |TAMS 0x0000000081100000, 0x0000000081100000| Complete 
|  18|0x0000000081200000, 0x0000000081300000, 0x0000000081300000|100%|HS|  |TAMS 0x0000000081200000, 0x0000000081200000| Complete 
|  19|0x0000000081300000, 0x0000000081400000, 0x0000000081400000|100%|HC|  |TAMS 0x0000000081300000, 0x0000000081300000| Complete 
|  20|0x0000000081400000, 0x0000000081400000, 0x0000000081500000|  0%| F|  |TAMS 0x0000000081400000, 0x0000000081400000| Untracked 
|  21|0x0000000081500000, 0x0000000081500000, 0x0000000081600000|  0%| F|  |TAMS 0x0000000081500000, 0x0000000081500000| Untracked 
|  22|0x0000000081600000, 0x0000000081600000, 0x0000000081700000|  0%| F|  |TAMS 0x0000000081600000, 0x0000000081600000| Untracked 
|  23|0x0000000081700000, 0x0000000081700000, 0x0000000081800000|  0%| F|  |TAMS 0x0000000081700000, 0x0000000081700000| Untracked 
|  24|0x0000000081800000, 0x0000000081800000, 0x0000000081900000|  0%| F|  |TAMS 0x0000000081800000, 0x0000000081800000| Untracked 
|  25|0x0000000081900000, 0x0000000081900000, 0x0000000081a00000|  0%| F|  |TAMS 0x0000000081900000, 0x0000000081900000| Untracked 
|  26|0x0000000081a00000, 0x0000000081a00000, 0x0000000081b00000|  0%| F|  |TAMS 0x0000000081a00000, 0x0000000081a00000| Untracked 
|  27|0x0000000081b00000, 0x0000000081b00000, 0x0000000081c00000|  0%| F|  |TAMS 0x0000000081b00000, 0x0000000081b00000| Untracked 
|  28|0x0000000081c00000, 0x0000000081c00000, 0x0000000081d00000|  0%| F|  |TAMS 0x0000000081c00000, 0x0000000081c00000| Untracked 
|  29|0x0000000081d00000, 0x0000000081d00000, 0x0000000081e00000|  0%| F|  |TAMS 0x0000000081d00000, 0x0000000081d00000| Untracked 
|  30|0x0000000081e00000, 0x0000000081e00000, 0x0000000081f00000|  0%| F|  |TAMS 0x0000000081e00000, 0x0000000081e00000| Untracked 
|  31|0x0000000081f00000, 0x0000000081f00000, 0x0000000082000000|  0%| F|  |TAMS 0x0000000081f00000, 0x0000000081f00000| Untracked 
|  32|0x0000000082000000, 0x0000000082000000, 0x0000000082100000|  0%| F|  |TAMS 0x0000000082000000, 0x0000000082000000| Untracked 
|  33|0x0000000082100000, 0x0000000082100000, 0x0000000082200000|  0%| F|  |TAMS 0x0000000082100000, 0x0000000082100000| Untracked 
|  34|0x0000000082200000, 0x0000000082200000, 0x0000000082300000|  0%| F|  |TAMS 0x0000000082200000, 0x0000000082200000| Untracked 
|  35|0x0000000082300000, 0x0000000082300000, 0x0000000082400000|  0%| F|  |TAMS 0x0000000082300000, 0x0000000082300000| Untracked 
|  36|0x0000000082400000, 0x0000000082400000, 0x0000000082500000|  0%| F|  |TAMS 0x0000000082400000, 0x0000000082400000| Untracked 
|  37|0x0000000082500000, 0x0000000082500000, 0x0000000082600000|  0%| F|  |TAMS 0x0000000082500000, 0x0000000082500000| Untracked 
|  38|0x0000000082600000, 0x0000000082600000, 0x0000000082700000|  0%| F|  |TAMS 0x0000000082600000, 0x0000000082600000| Untracked 
|  39|0x0000000082700000, 0x0000000082700000, 0x0000000082800000|  0%| F|  |TAMS 0x0000000082700000, 0x0000000082700000| Untracked 
|  40|0x0000000082800000, 0x0000000082800000, 0x0000000082900000|  0%| F|  |TAMS 0x0000000082800000, 0x0000000082800000| Untracked 
|  41|0x0000000082900000, 0x0000000082900000, 0x0000000082a00000|  0%| F|  |TAMS 0x0000000082900000, 0x0000000082900000| Untracked 
|  42|0x0000000082a00000, 0x0000000082a00000, 0x0000000082b00000|  0%| F|  |TAMS 0x0000000082a00000, 0x0000000082a00000| Untracked 
|  43|0x0000000082b00000, 0x0000000082b00000, 0x0000000082c00000|  0%| F|  |TAMS 0x0000000082b00000, 0x0000000082b00000| Untracked 
|  44|0x0000000082c00000, 0x0000000082c00000, 0x0000000082d00000|  0%| F|  |TAMS 0x0000000082c00000, 0x0000000082c00000| Untracked 
|  45|0x0000000082d00000, 0x0000000082d00000, 0x0000000082e00000|  0%| F|  |TAMS 0x0000000082d00000, 0x0000000082d00000| Untracked 
|  46|0x0000000082e00000, 0x0000000082e00000, 0x0000000082f00000|  0%| F|  |TAMS 0x0000000082e00000, 0x0000000082e00000| Untracked 
|  47|0x0000000082f00000, 0x0000000082f00000, 0x0000000083000000|  0%| F|  |TAMS 0x0000000082f00000, 0x0000000082f00000| Untracked 
|  48|0x0000000083000000, 0x0000000083000000, 0x0000000083100000|  0%| F|  |TAMS 0x0000000083000000, 0x0000000083000000| Untracked 
|  49|0x0000000083100000, 0x0000000083100000, 0x0000000083200000|  0%| F|  |TAMS 0x0000000083100000, 0x0000000083100000| Untracked 
|  50|0x0000000083200000, 0x0000000083200000, 0x0000000083300000|  0%| F|  |TAMS 0x0000000083200000, 0x0000000083200000| Untracked 
|  51|0x0000000083300000, 0x0000000083300000, 0x0000000083400000|  0%| F|  |TAMS 0x0000000083300000, 0x0000000083300000| Untracked 
|  52|0x0000000083400000, 0x0000000083400000, 0x0000000083500000|  0%| F|  |TAMS 0x0000000083400000, 0x0000000083400000| Untracked 
|  53|0x0000000083500000, 0x0000000083500000, 0x0000000083600000|  0%| F|  |TAMS 0x0000000083500000, 0x0000000083500000| Untracked 
|  54|0x0000000083600000, 0x0000000083600000, 0x0000000083700000|  0%| F|  |TAMS 0x0000000083600000, 0x0000000083600000| Untracked 
|  55|0x0000000083700000, 0x0000000083700000, 0x0000000083800000|  0%| F|  |TAMS 0x0000000083700000, 0x0000000083700000| Untracked 
|  56|0x0000000083800000, 0x0000000083800000, 0x0000000083900000|  0%| F|  |TAMS 0x0000000083800000, 0x0000000083800000| Untracked 
|  57|0x0000000083900000, 0x0000000083900000, 0x0000000083a00000|  0%| F|  |TAMS 0x0000000083900000, 0x0000000083900000| Untracked 
|  58|0x0000000083a00000, 0x0000000083a00000, 0x0000000083b00000|  0%| F|  |TAMS 0x0000000083a00000, 0x0000000083a00000| Untracked 
|  59|0x0000000083b00000, 0x0000000083b00000, 0x0000000083c00000|  0%| F|  |TAMS 0x0000000083b00000, 0x0000000083b00000| Untracked 
|  60|0x0000000083c00000, 0x0000000083c00000, 0x0000000083d00000|  0%| F|  |TAMS 0x0000000083c00000, 0x0000000083c00000| Untracked 
|  61|0x0000000083d00000, 0x0000000083d00000, 0x0000000083e00000|  0%| F|  |TAMS 0x0000000083d00000, 0x0000000083d00000| Untracked 
|  62|0x0000000083e00000, 0x0000000083e00000, 0x0000000083f00000|  0%| F|  |TAMS 0x0000000083e00000, 0x0000000083e00000| Untracked 
|  63|0x0000000083f00000, 0x0000000083f00000, 0x0000000084000000|  0%| F|  |TAMS 0x0000000083f00000, 0x0000000083f00000| Untracked 
|  64|0x0000000084000000, 0x0000000084000000, 0x0000000084100000|  0%| F|  |TAMS 0x0000000084000000, 0x0000000084000000| Untracked 
|  65|0x0000000084100000, 0x0000000084100000, 0x0000000084200000|  0%| F|  |TAMS 0x0000000084100000, 0x0000000084100000| Untracked 
|  66|0x0000000084200000, 0x0000000084200000, 0x0000000084300000|  0%| F|  |TAMS 0x0000000084200000, 0x0000000084200000| Untracked 
|  67|0x0000000084300000, 0x0000000084300000, 0x0000000084400000|  0%| F|  |TAMS 0x0000000084300000, 0x0000000084300000| Untracked 
|  68|0x0000000084400000, 0x0000000084400000, 0x0000000084500000|  0%| F|  |TAMS 0x0000000084400000, 0x0000000084400000| Untracked 
|  69|0x0000000084500000, 0x0000000084500000, 0x0000000084600000|  0%| F|  |TAMS 0x0000000084500000, 0x0000000084500000| Untracked 
|  70|0x0000000084600000, 0x0000000084600000, 0x0000000084700000|  0%| F|  |TAMS 0x0000000084600000, 0x0000000084600000| Untracked 
|  71|0x0000000084700000, 0x0000000084700000, 0x0000000084800000|  0%| F|  |TAMS 0x0000000084700000, 0x0000000084700000| Untracked 
|  72|0x0000000084800000, 0x0000000084800000, 0x0000000084900000|  0%| F|  |TAMS 0x0000000084800000, 0x0000000084800000| Untracked 
|  73|0x0000000084900000, 0x0000000084900000, 0x0000000084a00000|  0%| F|  |TAMS 0x0000000084900000, 0x0000000084900000| Untracked 
|  74|0x0000000084a00000, 0x0000000084a00000, 0x0000000084b00000|  0%| F|  |TAMS 0x0000000084a00000, 0x0000000084a00000| Untracked 
|  75|0x0000000084b00000, 0x0000000084b00000, 0x0000000084c00000|  0%| F|  |TAMS 0x0000000084b00000, 0x0000000084b00000| Untracked 
|  76|0x0000000084c00000, 0x0000000084c00000, 0x0000000084d00000|  0%| F|  |TAMS 0x0000000084c00000, 0x0000000084c00000| Untracked 
|  77|0x0000000084d00000, 0x0000000084d00000, 0x0000000084e00000|  0%| F|  |TAMS 0x0000000084d00000, 0x0000000084d00000| Untracked 
|  78|0x0000000084e00000, 0x0000000084e00000, 0x0000000084f00000|  0%| F|  |TAMS 0x0000000084e00000, 0x0000000084e00000| Untracked 
|  79|0x0000000084f00000, 0x0000000084f00000, 0x0000000085000000|  0%| F|  |TAMS 0x0000000084f00000, 0x0000000084f00000| Untracked 
|  80|0x0000000085000000, 0x0000000085000000, 0x0000000085100000|  0%| F|  |TAMS 0x0000000085000000, 0x0000000085000000| Untracked 
|  81|0x0000000085100000, 0x0000000085100000, 0x0000000085200000|  0%| F|  |TAMS 0x0000000085100000, 0x0000000085100000| Untracked 
|  82|0x0000000085200000, 0x0000000085200000, 0x0000000085300000|  0%| F|  |TAMS 0x0000000085200000, 0x0000000085200000| Untracked 
|  83|0x0000000085300000, 0x0000000085300000, 0x0000000085400000|  0%| F|  |TAMS 0x0000000085300000, 0x0000000085300000| Untracked 
|  84|0x0000000085400000, 0x0000000085400000, 0x0000000085500000|  0%| F|  |TAMS 0x0000000085400000, 0x0000000085400000| Untracked 
|  85|0x0000000085500000, 0x0000000085500000, 0x0000000085600000|  0%| F|  |TAMS 0x0000000085500000, 0x0000000085500000| Untracked 
|  86|0x0000000085600000, 0x0000000085600000, 0x0000000085700000|  0%| F|  |TAMS 0x0000000085600000, 0x0000000085600000| Untracked 
|  87|0x0000000085700000, 0x0000000085700000, 0x0000000085800000|  0%| F|  |TAMS 0x0000000085700000, 0x0000000085700000| Untracked 
|  88|0x0000000085800000, 0x0000000085800000, 0x0000000085900000|  0%| F|  |TAMS 0x0000000085800000, 0x0000000085800000| Untracked 
|  89|0x0000000085900000, 0x0000000085900000, 0x0000000085a00000|  0%| F|  |TAMS 0x0000000085900000, 0x0000000085900000| Untracked 
|  90|0x0000000085a00000, 0x0000000085a00000, 0x0000000085b00000|  0%| F|  |TAMS 0x0000000085a00000, 0x0000000085a00000| Untracked 
|  91|0x0000000085b00000, 0x0000000085b00000, 0x0000000085c00000|  0%| F|  |TAMS 0x0000000085b00000, 0x0000000085b00000| Untracked 
|  92|0x0000000085c00000, 0x0000000085c00000, 0x0000000085d00000|  0%| F|  |TAMS 0x0000000085c00000, 0x0000000085c00000| Untracked 
|  93|0x0000000085d00000, 0x0000000085d00000, 0x0000000085e00000|  0%| F|  |TAMS 0x0000000085d00000, 0x0000000085d00000| Untracked 
|  94|0x0000000085e00000, 0x0000000085e00000, 0x0000000085f00000|  0%| F|  |TAMS 0x0000000085e00000, 0x0000000085e00000| Untracked 
|  95|0x0000000085f00000, 0x0000000085f00000, 0x0000000086000000|  0%| F|  |TAMS 0x0000000085f00000, 0x0000000085f00000| Untracked 
|  96|0x0000000086000000, 0x0000000086000000, 0x0000000086100000|  0%| F|  |TAMS 0x0000000086000000, 0x0000000086000000| Untracked 
|  97|0x0000000086100000, 0x0000000086100000, 0x0000000086200000|  0%| F|  |TAMS 0x0000000086100000, 0x0000000086100000| Untracked 
|  98|0x0000000086200000, 0x0000000086200000, 0x0000000086300000|  0%| F|  |TAMS 0x0000000086200000, 0x0000000086200000| Untracked 
|  99|0x0000000086300000, 0x0000000086300000, 0x0000000086400000|  0%| F|  |TAMS 0x0000000086300000, 0x0000000086300000| Untracked 
| 100|0x0000000086400000, 0x0000000086400000, 0x0000000086500000|  0%| F|  |TAMS 0x0000000086400000, 0x0000000086400000| Untracked 
| 101|0x0000000086500000, 0x0000000086500000, 0x0000000086600000|  0%| F|  |TAMS 0x0000000086500000, 0x0000000086500000| Untracked 
| 102|0x0000000086600000, 0x0000000086600000, 0x0000000086700000|  0%| F|  |TAMS 0x0000000086600000, 0x0000000086600000| Untracked 
| 103|0x0000000086700000, 0x0000000086700000, 0x0000000086800000|  0%| F|  |TAMS 0x0000000086700000, 0x0000000086700000| Untracked 
| 104|0x0000000086800000, 0x0000000086800000, 0x0000000086900000|  0%| F|  |TAMS 0x0000000086800000, 0x0000000086800000| Untracked 
| 105|0x0000000086900000, 0x0000000086900000, 0x0000000086a00000|  0%| F|  |TAMS 0x0000000086900000, 0x0000000086900000| Untracked 
| 106|0x0000000086a00000, 0x0000000086a00000, 0x0000000086b00000|  0%| F|  |TAMS 0x0000000086a00000, 0x0000000086a00000| Untracked 
| 107|0x0000000086b00000, 0x0000000086b00000, 0x0000000086c00000|  0%| F|  |TAMS 0x0000000086b00000, 0x0000000086b00000| Untracked 
| 108|0x0000000086c00000, 0x0000000086c00000, 0x0000000086d00000|  0%| F|  |TAMS 0x0000000086c00000, 0x0000000086c00000| Untracked 
| 109|0x0000000086d00000, 0x0000000086d00000, 0x0000000086e00000|  0%| F|  |TAMS 0x0000000086d00000, 0x0000000086d00000| Untracked 
| 110|0x0000000086e00000, 0x0000000086e00000, 0x0000000086f00000|  0%| F|  |TAMS 0x0000000086e00000, 0x0000000086e00000| Untracked 
| 111|0x0000000086f00000, 0x0000000086f00000, 0x0000000087000000|  0%| F|  |TAMS 0x0000000086f00000, 0x0000000086f00000| Untracked 
| 112|0x0000000087000000, 0x0000000087000000, 0x0000000087100000|  0%| F|  |TAMS 0x0000000087000000, 0x0000000087000000| Untracked 
| 113|0x0000000087100000, 0x0000000087100000, 0x0000000087200000|  0%| F|  |TAMS 0x0000000087100000, 0x0000000087100000| Untracked 
| 114|0x0000000087200000, 0x0000000087200000, 0x0000000087300000|  0%| F|  |TAMS 0x0000000087200000, 0x0000000087200000| Untracked 
| 115|0x0000000087300000, 0x0000000087300000, 0x0000000087400000|  0%| F|  |TAMS 0x0000000087300000, 0x0000000087300000| Untracked 
| 116|0x0000000087400000, 0x0000000087400000, 0x0000000087500000|  0%| F|  |TAMS 0x0000000087400000, 0x0000000087400000| Untracked 
| 117|0x0000000087500000, 0x0000000087500000, 0x0000000087600000|  0%| F|  |TAMS 0x0000000087500000, 0x0000000087500000| Untracked 
| 118|0x0000000087600000, 0x0000000087600000, 0x0000000087700000|  0%| F|  |TAMS 0x0000000087600000, 0x0000000087600000| Untracked 
| 119|0x0000000087700000, 0x0000000087700000, 0x0000000087800000|  0%| F|  |TAMS 0x0000000087700000, 0x0000000087700000| Untracked 
| 120|0x0000000087800000, 0x0000000087800000, 0x0000000087900000|  0%| F|  |TAMS 0x0000000087800000, 0x0000000087800000| Untracked 
| 121|0x0000000087900000, 0x0000000087900000, 0x0000000087a00000|  0%| F|  |TAMS 0x0000000087900000, 0x0000000087900000| Untracked 
| 122|0x0000000087a00000, 0x0000000087a00000, 0x0000000087b00000|  0%| F|  |TAMS 0x0000000087a00000, 0x0000000087a00000| Untracked 
| 123|0x0000000087b00000, 0x0000000087b00000, 0x0000000087c00000|  0%| F|  |TAMS 0x0000000087b00000, 0x0000000087b00000| Untracked 
| 124|0x0000000087c00000, 0x0000000087c00000, 0x0000000087d00000|  0%| F|  |TAMS 0x0000000087c00000, 0x0000000087c00000| Untracked 
| 125|0x0000000087d00000, 0x0000000087d00000, 0x0000000087e00000|  0%| F|  |TAMS 0x0000000087d00000, 0x0000000087d00000| Untracked 
| 126|0x0000000087e00000, 0x0000000087e00000, 0x0000000087f00000|  0%| F|  |TAMS 0x0000000087e00000, 0x0000000087e00000| Untracked 
| 127|0x0000000087f00000, 0x0000000087f00000, 0x0000000088000000|  0%| F|  |TAMS 0x0000000087f00000, 0x0000000087f00000| Untracked 
| 128|0x0000000088000000, 0x0000000088000000, 0x0000000088100000|  0%| F|  |TAMS 0x0000000088000000, 0x0000000088000000| Untracked 
| 129|0x0000000088100000, 0x0000000088100000, 0x0000000088200000|  0%| F|  |TAMS 0x0000000088100000, 0x0000000088100000| Untracked 
| 130|0x0000000088200000, 0x0000000088200000, 0x0000000088300000|  0%| F|  |TAMS 0x0000000088200000, 0x0000000088200000| Untracked 
| 131|0x0000000088300000, 0x0000000088300000, 0x0000000088400000|  0%| F|  |TAMS 0x0000000088300000, 0x0000000088300000| Untracked 
| 132|0x0000000088400000, 0x0000000088400000, 0x0000000088500000|  0%| F|  |TAMS 0x0000000088400000, 0x0000000088400000| Untracked 
| 133|0x0000000088500000, 0x0000000088500000, 0x0000000088600000|  0%| F|  |TAMS 0x0000000088500000, 0x0000000088500000| Untracked 
| 134|0x0000000088600000, 0x0000000088600000, 0x0000000088700000|  0%| F|  |TAMS 0x0000000088600000, 0x0000000088600000| Untracked 
| 135|0x0000000088700000, 0x0000000088700000, 0x0000000088800000|  0%| F|  |TAMS 0x0000000088700000, 0x0000000088700000| Untracked 
| 136|0x0000000088800000, 0x0000000088800000, 0x0000000088900000|  0%| F|  |TAMS 0x0000000088800000, 0x0000000088800000| Untracked 
| 137|0x0000000088900000, 0x0000000088900000, 0x0000000088a00000|  0%| F|  |TAMS 0x0000000088900000, 0x0000000088900000| Untracked 
| 138|0x0000000088a00000, 0x0000000088a00000, 0x0000000088b00000|  0%| F|  |TAMS 0x0000000088a00000, 0x0000000088a00000| Untracked 
| 139|0x0000000088b00000, 0x0000000088b00000, 0x0000000088c00000|  0%| F|  |TAMS 0x0000000088b00000, 0x0000000088b00000| Untracked 
| 140|0x0000000088c00000, 0x0000000088c00000, 0x0000000088d00000|  0%| F|  |TAMS 0x0000000088c00000, 0x0000000088c00000| Untracked 
| 141|0x0000000088d00000, 0x0000000088d00000, 0x0000000088e00000|  0%| F|  |TAMS 0x0000000088d00000, 0x0000000088d00000| Untracked 
| 142|0x0000000088e00000, 0x0000000088e00000, 0x0000000088f00000|  0%| F|  |TAMS 0x0000000088e00000, 0x0000000088e00000| Untracked 
| 143|0x0000000088f00000, 0x0000000088f00000, 0x0000000089000000|  0%| F|  |TAMS 0x0000000088f00000, 0x0000000088f00000| Untracked 
| 144|0x0000000089000000, 0x0000000089000000, 0x0000000089100000|  0%| F|  |TAMS 0x0000000089000000, 0x0000000089000000| Untracked 
| 145|0x0000000089100000, 0x0000000089100000, 0x0000000089200000|  0%| F|  |TAMS 0x0000000089100000, 0x0000000089100000| Untracked 
| 146|0x0000000089200000, 0x0000000089200000, 0x0000000089300000|  0%| F|  |TAMS 0x0000000089200000, 0x0000000089200000| Untracked 
| 147|0x0000000089300000, 0x0000000089300000, 0x0000000089400000|  0%| F|  |TAMS 0x0000000089300000, 0x0000000089300000| Untracked 
| 148|0x0000000089400000, 0x0000000089400000, 0x0000000089500000|  0%| F|  |TAMS 0x0000000089400000, 0x0000000089400000| Untracked 
| 149|0x0000000089500000, 0x0000000089500000, 0x0000000089600000|  0%| F|  |TAMS 0x0000000089500000, 0x0000000089500000| Untracked 
| 150|0x0000000089600000, 0x0000000089600000, 0x0000000089700000|  0%| F|  |TAMS 0x0000000089600000, 0x0000000089600000| Untracked 
| 151|0x0000000089700000, 0x0000000089700000, 0x0000000089800000|  0%| F|  |TAMS 0x0000000089700000, 0x0000000089700000| Untracked 
| 152|0x0000000089800000, 0x0000000089800000, 0x0000000089900000|  0%| F|  |TAMS 0x0000000089800000, 0x0000000089800000| Untracked 
| 153|0x0000000089900000, 0x0000000089900000, 0x0000000089a00000|  0%| F|  |TAMS 0x0000000089900000, 0x0000000089900000| Untracked 
| 154|0x0000000089a00000, 0x0000000089a00000, 0x0000000089b00000|  0%| F|  |TAMS 0x0000000089a00000, 0x0000000089a00000| Untracked 
| 155|0x0000000089b00000, 0x0000000089b00000, 0x0000000089c00000|  0%| F|  |TAMS 0x0000000089b00000, 0x0000000089b00000| Untracked 
| 156|0x0000000089c00000, 0x0000000089c00000, 0x0000000089d00000|  0%| F|  |TAMS 0x0000000089c00000, 0x0000000089c00000| Untracked 
| 157|0x0000000089d00000, 0x0000000089d00000, 0x0000000089e00000|  0%| F|  |TAMS 0x0000000089d00000, 0x0000000089d00000| Untracked 
| 158|0x0000000089e00000, 0x0000000089e00000, 0x0000000089f00000|  0%| F|  |TAMS 0x0000000089e00000, 0x0000000089e00000| Untracked 
| 159|0x0000000089f00000, 0x0000000089f00000, 0x000000008a000000|  0%| F|  |TAMS 0x0000000089f00000, 0x0000000089f00000| Untracked 
| 160|0x000000008a000000, 0x000000008a000000, 0x000000008a100000|  0%| F|  |TAMS 0x000000008a000000, 0x000000008a000000| Untracked 
| 161|0x000000008a100000, 0x000000008a100000, 0x000000008a200000|  0%| F|  |TAMS 0x000000008a100000, 0x000000008a100000| Untracked 
| 162|0x000000008a200000, 0x000000008a200000, 0x000000008a300000|  0%| F|  |TAMS 0x000000008a200000, 0x000000008a200000| Untracked 
| 163|0x000000008a300000, 0x000000008a300000, 0x000000008a400000|  0%| F|  |TAMS 0x000000008a300000, 0x000000008a300000| Untracked 
| 164|0x000000008a400000, 0x000000008a400000, 0x000000008a500000|  0%| F|  |TAMS 0x000000008a400000, 0x000000008a400000| Untracked 
| 165|0x000000008a500000, 0x000000008a500000, 0x000000008a600000|  0%| F|  |TAMS 0x000000008a500000, 0x000000008a500000| Untracked 
| 166|0x000000008a600000, 0x000000008a600000, 0x000000008a700000|  0%| F|  |TAMS 0x000000008a600000, 0x000000008a600000| Untracked 
| 167|0x000000008a700000, 0x000000008a700000, 0x000000008a800000|  0%| F|  |TAMS 0x000000008a700000, 0x000000008a700000| Untracked 
| 168|0x000000008a800000, 0x000000008a800000, 0x000000008a900000|  0%| F|  |TAMS 0x000000008a800000, 0x000000008a800000| Untracked 
| 169|0x000000008a900000, 0x000000008a900000, 0x000000008aa00000|  0%| F|  |TAMS 0x000000008a900000, 0x000000008a900000| Untracked 
| 170|0x000000008aa00000, 0x000000008aa00000, 0x000000008ab00000|  0%| F|  |TAMS 0x000000008aa00000, 0x000000008aa00000| Untracked 
| 171|0x000000008ab00000, 0x000000008ab00000, 0x000000008ac00000|  0%| F|  |TAMS 0x000000008ab00000, 0x000000008ab00000| Untracked 
| 172|0x000000008ac00000, 0x000000008ac00000, 0x000000008ad00000|  0%| F|  |TAMS 0x000000008ac00000, 0x000000008ac00000| Untracked 
| 173|0x000000008ad00000, 0x000000008ad00000, 0x000000008ae00000|  0%| F|  |TAMS 0x000000008ad00000, 0x000000008ad00000| Untracked 
| 174|0x000000008ae00000, 0x000000008ae00000, 0x000000008af00000|  0%| F|  |TAMS 0x000000008ae00000, 0x000000008ae00000| Untracked 
| 175|0x000000008af00000, 0x000000008af00000, 0x000000008b000000|  0%| F|  |TAMS 0x000000008af00000, 0x000000008af00000| Untracked 
| 176|0x000000008b000000, 0x000000008b000000, 0x000000008b100000|  0%| F|  |TAMS 0x000000008b000000, 0x000000008b000000| Untracked 
| 177|0x000000008b100000, 0x000000008b100000, 0x000000008b200000|  0%| F|  |TAMS 0x000000008b100000, 0x000000008b100000| Untracked 
| 178|0x000000008b200000, 0x000000008b200000, 0x000000008b300000|  0%| F|  |TAMS 0x000000008b200000, 0x000000008b200000| Untracked 
| 179|0x000000008b300000, 0x000000008b300000, 0x000000008b400000|  0%| F|  |TAMS 0x000000008b300000, 0x000000008b300000| Untracked 
| 180|0x000000008b400000, 0x000000008b400000, 0x000000008b500000|  0%| F|  |TAMS 0x000000008b400000, 0x000000008b400000| Untracked 
| 181|0x000000008b500000, 0x000000008b500000, 0x000000008b600000|  0%| F|  |TAMS 0x000000008b500000, 0x000000008b500000| Untracked 
| 182|0x000000008b600000, 0x000000008b6f4a58, 0x000000008b700000| 95%| E|  |TAMS 0x000000008b600000, 0x000000008b600000| Complete 
| 183|0x000000008b700000, 0x000000008b800000, 0x000000008b800000|100%| E|CS|TAMS 0x000000008b700000, 0x000000008b700000| Complete 
| 184|0x000000008b800000, 0x000000008b900000, 0x000000008b900000|100%| E|CS|TAMS 0x000000008b800000, 0x000000008b800000| Complete 
| 185|0x000000008b900000, 0x000000008ba00000, 0x000000008ba00000|100%| E|CS|TAMS 0x000000008b900000, 0x000000008b900000| Complete 
| 186|0x000000008ba00000, 0x000000008bb00000, 0x000000008bb00000|100%| E|CS|TAMS 0x000000008ba00000, 0x000000008ba00000| Complete 
| 187|0x000000008bb00000, 0x000000008bc00000, 0x000000008bc00000|100%| E|CS|TAMS 0x000000008bb00000, 0x000000008bb00000| Complete 
| 188|0x000000008bc00000, 0x000000008bd00000, 0x000000008bd00000|100%| E|CS|TAMS 0x000000008bc00000, 0x000000008bc00000| Complete 
| 189|0x000000008bd00000, 0x000000008be00000, 0x000000008be00000|100%| E|CS|TAMS 0x000000008bd00000, 0x000000008bd00000| Complete 
| 190|0x000000008be00000, 0x000000008bf00000, 0x000000008bf00000|100%| E|CS|TAMS 0x000000008be00000, 0x000000008be00000| Complete 
| 191|0x000000008bf00000, 0x000000008c000000, 0x000000008c000000|100%| E|CS|TAMS 0x000000008bf00000, 0x000000008bf00000| Complete 
| 192|0x000000008c000000, 0x000000008c100000, 0x000000008c100000|100%| E|CS|TAMS 0x000000008c000000, 0x000000008c000000| Complete 
| 193|0x000000008c100000, 0x000000008c200000, 0x000000008c200000|100%| E|CS|TAMS 0x000000008c100000, 0x000000008c100000| Complete 
| 194|0x000000008c200000, 0x000000008c300000, 0x000000008c300000|100%| E|CS|TAMS 0x000000008c200000, 0x000000008c200000| Complete 
| 195|0x000000008c300000, 0x000000008c400000, 0x000000008c400000|100%| E|CS|TAMS 0x000000008c300000, 0x000000008c300000| Complete 
| 196|0x000000008c400000, 0x000000008c4db370, 0x000000008c500000| 85%| S|CS|TAMS 0x000000008c400000, 0x000000008c400000| Complete 
| 197|0x000000008c500000, 0x000000008c600000, 0x000000008c600000|100%| S|CS|TAMS 0x000000008c500000, 0x000000008c500000| Complete 
| 198|0x000000008c600000, 0x000000008c700000, 0x000000008c700000|100%| S|CS|TAMS 0x000000008c600000, 0x000000008c600000| Complete 
| 199|0x000000008c700000, 0x000000008c800000, 0x000000008c800000|100%| S|CS|TAMS 0x000000008c700000, 0x000000008c700000| Complete 
| 200|0x000000008c800000, 0x000000008c900000, 0x000000008c900000|100%| S|CS|TAMS 0x000000008c800000, 0x000000008c800000| Complete 
| 201|0x000000008c900000, 0x000000008ca00000, 0x000000008ca00000|100%| S|CS|TAMS 0x000000008c900000, 0x000000008c900000| Complete 
| 202|0x000000008ca00000, 0x000000008cb00000, 0x000000008cb00000|100%| E|CS|TAMS 0x000000008ca00000, 0x000000008ca00000| Complete 
| 203|0x000000008cb00000, 0x000000008cc00000, 0x000000008cc00000|100%| E|CS|TAMS 0x000000008cb00000, 0x000000008cb00000| Complete 
| 204|0x000000008cc00000, 0x000000008cd00000, 0x000000008cd00000|100%| E|CS|TAMS 0x000000008cc00000, 0x000000008cc00000| Complete 
| 205|0x000000008cd00000, 0x000000008ce00000, 0x000000008ce00000|100%| E|CS|TAMS 0x000000008cd00000, 0x000000008cd00000| Complete 
| 206|0x000000008ce00000, 0x000000008cf00000, 0x000000008cf00000|100%| E|CS|TAMS 0x000000008ce00000, 0x000000008ce00000| Complete 
| 207|0x000000008cf00000, 0x000000008d000000, 0x000000008d000000|100%| E|CS|TAMS 0x000000008cf00000, 0x000000008cf00000| Complete 
| 208|0x000000008d000000, 0x000000008d100000, 0x000000008d100000|100%| E|CS|TAMS 0x000000008d000000, 0x000000008d000000| Complete 
| 209|0x000000008d100000, 0x000000008d200000, 0x000000008d200000|100%| E|CS|TAMS 0x000000008d100000, 0x000000008d100000| Complete 
| 210|0x000000008d200000, 0x000000008d300000, 0x000000008d300000|100%| E|CS|TAMS 0x000000008d200000, 0x000000008d200000| Complete 
| 211|0x000000008d300000, 0x000000008d400000, 0x000000008d400000|100%| E|CS|TAMS 0x000000008d300000, 0x000000008d300000| Complete 
| 212|0x000000008d400000, 0x000000008d500000, 0x000000008d500000|100%| E|CS|TAMS 0x000000008d400000, 0x000000008d400000| Complete 
| 213|0x000000008d500000, 0x000000008d600000, 0x000000008d600000|100%| E|CS|TAMS 0x000000008d500000, 0x000000008d500000| Complete 
| 214|0x000000008d600000, 0x000000008d700000, 0x000000008d700000|100%| E|CS|TAMS 0x000000008d600000, 0x000000008d600000| Complete 
| 215|0x000000008d700000, 0x000000008d800000, 0x000000008d800000|100%| E|CS|TAMS 0x000000008d700000, 0x000000008d700000| Complete 
| 216|0x000000008d800000, 0x000000008d900000, 0x000000008d900000|100%| E|CS|TAMS 0x000000008d800000, 0x000000008d800000| Complete 
| 217|0x000000008d900000, 0x000000008da00000, 0x000000008da00000|100%| E|CS|TAMS 0x000000008d900000, 0x000000008d900000| Complete 
| 218|0x000000008da00000, 0x000000008db00000, 0x000000008db00000|100%| E|CS|TAMS 0x000000008da00000, 0x000000008da00000| Complete 
| 219|0x000000008db00000, 0x000000008dc00000, 0x000000008dc00000|100%| E|CS|TAMS 0x000000008db00000, 0x000000008db00000| Complete 
| 220|0x000000008dc00000, 0x000000008dd00000, 0x000000008dd00000|100%| E|CS|TAMS 0x000000008dc00000, 0x000000008dc00000| Complete 
| 221|0x000000008dd00000, 0x000000008de00000, 0x000000008de00000|100%| E|CS|TAMS 0x000000008dd00000, 0x000000008dd00000| Complete 
| 222|0x000000008de00000, 0x000000008df00000, 0x000000008df00000|100%| E|CS|TAMS 0x000000008de00000, 0x000000008de00000| Complete 
| 223|0x000000008df00000, 0x000000008e000000, 0x000000008e000000|100%| E|CS|TAMS 0x000000008df00000, 0x000000008df00000| Complete 
| 224|0x000000008e000000, 0x000000008e100000, 0x000000008e100000|100%| E|CS|TAMS 0x000000008e000000, 0x000000008e000000| Complete 
| 225|0x000000008e100000, 0x000000008e200000, 0x000000008e200000|100%| E|CS|TAMS 0x000000008e100000, 0x000000008e100000| Complete 
| 226|0x000000008e200000, 0x000000008e300000, 0x000000008e300000|100%| E|CS|TAMS 0x000000008e200000, 0x000000008e200000| Complete 
| 227|0x000000008e300000, 0x000000008e400000, 0x000000008e400000|100%| E|CS|TAMS 0x000000008e300000, 0x000000008e300000| Complete 
| 228|0x000000008e400000, 0x000000008e500000, 0x000000008e500000|100%| E|CS|TAMS 0x000000008e400000, 0x000000008e400000| Complete 
| 229|0x000000008e500000, 0x000000008e600000, 0x000000008e600000|100%| E|CS|TAMS 0x000000008e500000, 0x000000008e500000| Complete 
| 230|0x000000008e600000, 0x000000008e700000, 0x000000008e700000|100%| E|CS|TAMS 0x000000008e600000, 0x000000008e600000| Complete 
| 231|0x000000008e700000, 0x000000008e800000, 0x000000008e800000|100%| E|CS|TAMS 0x000000008e700000, 0x000000008e700000| Complete 
| 232|0x000000008e800000, 0x000000008e900000, 0x000000008e900000|100%| E|CS|TAMS 0x000000008e800000, 0x000000008e800000| Complete 
| 233|0x000000008e900000, 0x000000008ea00000, 0x000000008ea00000|100%| E|CS|TAMS 0x000000008e900000, 0x000000008e900000| Complete 
| 234|0x000000008ea00000, 0x000000008eb00000, 0x000000008eb00000|100%| E|CS|TAMS 0x000000008ea00000, 0x000000008ea00000| Complete 
| 235|0x000000008eb00000, 0x000000008ec00000, 0x000000008ec00000|100%| E|CS|TAMS 0x000000008eb00000, 0x000000008eb00000| Complete 
| 236|0x000000008ec00000, 0x000000008ed00000, 0x000000008ed00000|100%| E|CS|TAMS 0x000000008ec00000, 0x000000008ec00000| Complete 
| 237|0x000000008ed00000, 0x000000008ee00000, 0x000000008ee00000|100%| E|CS|TAMS 0x000000008ed00000, 0x000000008ed00000| Complete 
| 238|0x000000008ee00000, 0x000000008ef00000, 0x000000008ef00000|100%| E|CS|TAMS 0x000000008ee00000, 0x000000008ee00000| Complete 
| 239|0x000000008ef00000, 0x000000008f000000, 0x000000008f000000|100%| E|CS|TAMS 0x000000008ef00000, 0x000000008ef00000| Complete 
| 240|0x000000008f000000, 0x000000008f100000, 0x000000008f100000|100%| E|CS|TAMS 0x000000008f000000, 0x000000008f000000| Complete 
| 241|0x000000008f100000, 0x000000008f200000, 0x000000008f200000|100%| E|CS|TAMS 0x000000008f100000, 0x000000008f100000| Complete 
| 242|0x000000008f200000, 0x000000008f300000, 0x000000008f300000|100%| E|CS|TAMS 0x000000008f200000, 0x000000008f200000| Complete 
| 243|0x000000008f300000, 0x000000008f400000, 0x000000008f400000|100%| E|CS|TAMS 0x000000008f300000, 0x000000008f300000| Complete 
| 244|0x000000008f400000, 0x000000008f500000, 0x000000008f500000|100%| E|CS|TAMS 0x000000008f400000, 0x000000008f400000| Complete 
| 245|0x000000008f500000, 0x000000008f600000, 0x000000008f600000|100%| E|CS|TAMS 0x000000008f500000, 0x000000008f500000| Complete 
| 246|0x000000008f600000, 0x000000008f700000, 0x000000008f700000|100%| E|CS|TAMS 0x000000008f600000, 0x000000008f600000| Complete 
| 247|0x000000008f700000, 0x000000008f800000, 0x000000008f800000|100%| E|CS|TAMS 0x000000008f700000, 0x000000008f700000| Complete 
| 248|0x000000008f800000, 0x000000008f900000, 0x000000008f900000|100%| E|CS|TAMS 0x000000008f800000, 0x000000008f800000| Complete 
| 249|0x000000008f900000, 0x000000008fa00000, 0x000000008fa00000|100%| E|CS|TAMS 0x000000008f900000, 0x000000008f900000| Complete 
| 250|0x000000008fa00000, 0x000000008fb00000, 0x000000008fb00000|100%| E|CS|TAMS 0x000000008fa00000, 0x000000008fa00000| Complete 
| 251|0x000000008fb00000, 0x000000008fc00000, 0x000000008fc00000|100%| E|  |TAMS 0x000000008fb00000, 0x000000008fb00000| Complete 

Card table byte_map: [0x00000234c93c0000,0x00000234c97c0000] _byte_map_base: 0x00000234c8fc0000

Marking Bits (Prev, Next): (CMBitMap*) 0x00000234b61ae810, (CMBitMap*) 0x00000234b61ae7d8
 Prev Bits: [0x00000234cbbc0000, 0x00000234cdbc0000)
 Next Bits: [0x00000234c9bc0000, 0x00000234cbbc0000)

Polling page: 0x00000234b4150000

Metaspace:

Usage:
  Non-class:     35.46 MB capacity,    34.82 MB ( 98%) used,   557.86 KB (  2%) free+waste,   100.31 KB ( <1%) overhead. 
      Class:      5.40 MB capacity,     5.01 MB ( 93%) used,   356.16 KB (  6%) free+waste,    48.44 KB ( <1%) overhead. 
       Both:     40.86 MB capacity,    39.83 MB ( 97%) used,   914.02 KB (  2%) free+waste,   148.75 KB ( <1%) overhead. 

Virtual space:
  Non-class space:       36.00 MB reserved,      35.67 MB (>99%) committed 
      Class space:      504.00 MB reserved,       5.45 MB (  1%) committed 
             Both:      540.00 MB reserved,      41.12 MB (  8%) committed 

Chunk freelists:
   Non-Class:  24.00 KB
       Class:  3.00 KB
        Both:  27.00 KB

MaxMetaspaceSize: 512.00 MB
CompressedClassSpaceSize: 504.00 MB
Initial GC threshold: 20.80 MB
Current GC threshold: 61.45 MB
CDS: off

CodeHeap 'non-profiled nmethods': size=120000Kb used=2178Kb max_used=2178Kb free=117821Kb
 bounds [0x00000234c1760000, 0x00000234c19d0000, 0x00000234c8c90000]
CodeHeap 'profiled nmethods': size=120000Kb used=8070Kb max_used=8070Kb free=111929Kb
 bounds [0x00000234ba230000, 0x00000234baa20000, 0x00000234c1760000]
CodeHeap 'non-nmethods': size=5760Kb used=2286Kb max_used=2328Kb free=3474Kb
 bounds [0x00000234b9c90000, 0x00000234b9f00000, 0x00000234ba230000]
 total_blobs=4624 nmethods=3856 adapters=680
 compilation: enabled
              stopped_count=0, restarted_count=0
 full_count=0

Compilation events (20 events):
Event: 74.570 Thread 0x00000234d0edb800 nmethod 3867 0x00000234c1980090 code [0x00000234c1980240, 0x00000234c19802f8]
Event: 74.571 Thread 0x00000234d0edb800 3868       3       org.gradle.internal.logging.slf4j.OutputEventListenerBackedLogger::debug (7 bytes)
Event: 74.572 Thread 0x00000234d0edb800 nmethod 3868 0x00000234baa0de90 code [0x00000234baa0e0c0, 0x00000234baa0e878]
Event: 74.572 Thread 0x00000234d0edb800 3870       3       org.gradle.launcher.daemon.registry.DaemonRegistryContent::access$400 (4 bytes)
Event: 74.572 Thread 0x00000234d0edb800 nmethod 3870 0x00000234baa0eb90 code [0x00000234baa0ed40, 0x00000234baa0ee38]
Event: 74.572 Thread 0x00000234d0edb800 3869       3       org.gradle.internal.logging.slf4j.BuildOperationAwareLogger::debug (18 bytes)
Event: 74.573 Thread 0x00000234d0edb800 nmethod 3869 0x00000234baa0ef10 code [0x00000234baa0f100, 0x00000234baa0f5d8]
Event: 84.595 Thread 0x00000234d0edb800 3871       1       org.gradle.launcher.daemon.server.health.gc.GarbageCollectionEvent::getUsage (5 bytes)
Event: 84.595 Thread 0x00000234d0edb800 nmethod 3871 0x00000234c1980390 code [0x00000234c1980540, 0x00000234c19805f8]
Event: 84.595 Thread 0x00000234d0edb800 3872       1       java.lang.management.MemoryUsage::getUsed (5 bytes)
Event: 84.596 Thread 0x00000234d0edb800 nmethod 3872 0x00000234c1980690 code [0x00000234c1980840, 0x00000234c19808f8]
Event: 84.610 Thread 0x00000234d0ed8000 3873       4       java.util.regex.Matcher::search (154 bytes)
Event: 84.610 Thread 0x00000234d0edb800 3874       3       java.util.regex.Pattern$$Lambda$13/0x0000000100088040::is (13 bytes)
Event: 84.610 Thread 0x00000234d0edb800 nmethod 3874 0x00000234baa0f790 code [0x00000234baa0f960, 0x00000234baa0fbb8]
Event: 84.610 Thread 0x00000234d0edb800 3875       3       java.util.regex.Pattern::lambda$Range$11 (7 bytes)
Event: 84.610 Thread 0x00000234d0edb800 nmethod 3875 0x00000234baa0fc90 code [0x00000234baa0fe40, 0x00000234baa10018]
Event: 84.611 Thread 0x00000234d0edb800 3876       3       org.gradle.launcher.daemon.context.DefaultDaemonContext::<init> (44 bytes)
Event: 84.611 Thread 0x00000234d0edb800 nmethod 3876 0x00000234baa10110 code [0x00000234baa102e0, 0x00000234baa106d8]
Event: 84.611 Thread 0x00000234d0edb800 3878       3       java.io.BufferedInputStream::fill (236 bytes)
Event: 84.613 Thread 0x00000234d0edb800 nmethod 3878 0x00000234baa10810 code [0x00000234baa10a80, 0x00000234baa11628]

GC Heap History (10 events):
Event: 6.150 GC heap before
{Heap before GC invocations=0 (full 0):
 garbage-first heap   total 258048K, used 29696K [0x0000000080000000, 0x0000000100000000)
  region size 1024K, 24 young (24576K), 0 survivors (0K)
 Metaspace       used 9698K, capacity 9900K, committed 10112K, reserved 526336K
  class space    used 985K, capacity 1069K, committed 1152K, reserved 516096K
}
Event: 7.843 GC heap after
{Heap after GC invocations=1 (full 0):
 garbage-first heap   total 258048K, used 9358K [0x0000000080000000, 0x0000000100000000)
  region size 1024K, 3 young (3072K), 3 survivors (3072K)
 Metaspace       used 9698K, capacity 9900K, committed 10112K, reserved 526336K
  class space    used 985K, capacity 1069K, committed 1152K, reserved 516096K
}
Event: 27.162 GC heap before
{Heap before GC invocations=1 (full 0):
 garbage-first heap   total 258048K, used 103566K [0x0000000080000000, 0x0000000100000000)
  region size 1024K, 95 young (97280K), 3 survivors (3072K)
 Metaspace       used 20707K, capacity 21168K, committed 21296K, reserved 536576K
  class space    used 2482K, capacity 2659K, committed 2688K, reserved 516096K
}
Event: 27.255 GC heap after
{Heap after GC invocations=2 (full 0):
 garbage-first heap   total 258048K, used 17199K [0x0000000080000000, 0x0000000100000000)
  region size 1024K, 11 young (11264K), 11 survivors (11264K)
 Metaspace       used 20707K, capacity 21168K, committed 21296K, reserved 536576K
  class space    used 2482K, capacity 2659K, committed 2688K, reserved 516096K
}
Event: 27.667 GC heap before
{Heap before GC invocations=3 (full 0):
 garbage-first heap   total 258048K, used 25391K [0x0000000080000000, 0x0000000100000000)
  region size 1024K, 19 young (19456K), 11 survivors (11264K)
 Metaspace       used 21659K, capacity 22202K, committed 22524K, reserved 536576K
  class space    used 2654K, capacity 2835K, committed 2892K, reserved 516096K
}
Event: 27.675 GC heap after
{Heap after GC invocations=4 (full 0):
 garbage-first heap   total 258048K, used 17564K [0x0000000080000000, 0x0000000100000000)
  region size 1024K, 1 young (1024K), 1 survivors (1024K)
 Metaspace       used 21659K, capacity 22202K, committed 22524K, reserved 536576K
  class space    used 2654K, capacity 2835K, committed 2892K, reserved 516096K
}
Event: 31.601 GC heap before
{Heap before GC invocations=5 (full 0):
 garbage-first heap   total 258048K, used 86172K [0x0000000080000000, 0x0000000100000000)
  region size 1024K, 68 young (69632K), 1 survivors (1024K)
 Metaspace       used 28124K, capacity 28772K, committed 28924K, reserved 542720K
  class space    used 3653K, capacity 3885K, committed 3916K, reserved 516096K
}
Event: 31.605 GC heap after
{Heap after GC invocations=6 (full 0):
 garbage-first heap   total 258048K, used 19603K [0x0000000080000000, 0x0000000100000000)
  region size 1024K, 3 young (3072K), 3 survivors (3072K)
 Metaspace       used 28124K, capacity 28772K, committed 28924K, reserved 542720K
  class space    used 3653K, capacity 3885K, committed 3916K, reserved 516096K
}
Event: 38.045 GC heap before
{Heap before GC invocations=6 (full 0):
 garbage-first heap   total 258048K, used 69779K [0x0000000080000000, 0x0000000100000000)
  region size 1024K, 53 young (54272K), 3 survivors (3072K)
 Metaspace       used 36623K, capacity 37398K, committed 37500K, reserved 548864K
  class space    used 4681K, capacity 5015K, committed 5068K, reserved 516096K
}
Event: 38.056 GC heap after
{Heap after GC invocations=7 (full 0):
 garbage-first heap   total 258048K, used 22806K [0x0000000080000000, 0x0000000100000000)
  region size 1024K, 6 young (6144K), 6 survivors (6144K)
 Metaspace       used 36623K, capacity 37398K, committed 37500K, reserved 548864K
  class space    used 4681K, capacity 5015K, committed 5068K, reserved 516096K
}

Deoptimization events (20 events):
Event: 55.500 Thread 0x00000234d48f6800 DEOPT PACKING pc=0x00000234ba5915e8 sp=0x0000009991cf8600
Event: 55.500 Thread 0x00000234d48f6800 DEOPT UNPACKING pc=0x00000234b9cd9d0e sp=0x0000009991cf7b08 mode 0
Event: 55.815 Thread 0x00000234d48f6800 Uncommon trap: trap_request=0xffffff4d fr.pc=0x00000234c18d9d34 relative=0x00000000000009d4
Event: 55.815 Thread 0x00000234d48f6800 Uncommon trap: reason=unstable_if action=reinterpret pc=0x00000234c18d9d34 method=java.util.WeakHashMap.eq(Ljava/lang/Object;Ljava/lang/Object;)Z @ 2 c2
Event: 55.816 Thread 0x00000234d48f6800 DEOPT PACKING pc=0x00000234c18d9d34 sp=0x0000009991cf6380
Event: 55.816 Thread 0x00000234d48f6800 DEOPT UNPACKING pc=0x00000234b9c985af sp=0x0000009991cf62f0 mode 2
Event: 56.085 Thread 0x00000234d48f6800 Uncommon trap: trap_request=0xffffff4d fr.pc=0x00000234c181abb4 relative=0x00000000000013f4
Event: 56.085 Thread 0x00000234d48f6800 Uncommon trap: reason=unstable_if action=reinterpret pc=0x00000234c181abb4 method=java.util.concurrent.ConcurrentHashMap.putVal(Ljava/lang/Object;Ljava/lang/Object;Z)Ljava/lang/Object; @ 231 c2
Event: 56.085 Thread 0x00000234d48f6800 DEOPT PACKING pc=0x00000234c181abb4 sp=0x0000009991cf70e0
Event: 56.085 Thread 0x00000234d48f6800 DEOPT UNPACKING pc=0x00000234b9c985af sp=0x0000009991cf7060 mode 2
Event: 73.824 Thread 0x00000234d48f6800 Uncommon trap: trap_request=0xffffff4d fr.pc=0x00000234c194e4fc relative=0x00000000000008fc
Event: 73.824 Thread 0x00000234d48f6800 Uncommon trap: reason=unstable_if action=reinterpret pc=0x00000234c194e4fc method=java.io.BufferedInputStream.read([BII)I @ 56 c2
Event: 73.824 Thread 0x00000234d48f6800 DEOPT PACKING pc=0x00000234c194e4fc sp=0x0000009991cf82e0
Event: 73.824 Thread 0x00000234d48f6800 DEOPT UNPACKING pc=0x00000234b9c985af sp=0x0000009991cf82b8 mode 2
Event: 73.835 Thread 0x00000234d48f6800 DEOPT PACKING pc=0x00000234ba77a308 sp=0x0000009991cf80a0
Event: 73.835 Thread 0x00000234d48f6800 DEOPT UNPACKING pc=0x00000234b9cd9d0e sp=0x0000009991cf7598 mode 0
Event: 73.838 Thread 0x00000234d48f6800 Uncommon trap: trap_request=0xffffffde fr.pc=0x00000234c1904828 relative=0x0000000000000428
Event: 73.838 Thread 0x00000234d48f6800 Uncommon trap: reason=class_check action=maybe_recompile pc=0x00000234c1904828 method=java.util.regex.Pattern$Start.match(Ljava/util/regex/Matcher;ILjava/lang/CharSequence;)Z @ 44 c2
Event: 73.839 Thread 0x00000234d48f6800 DEOPT PACKING pc=0x00000234c1904828 sp=0x0000009991cf6140
Event: 73.839 Thread 0x00000234d48f6800 DEOPT UNPACKING pc=0x00000234b9c985af sp=0x0000009991cf6070 mode 2

Classes redefined (0 events):
No events

Internal exceptions (20 events):
Event: 58.985 Thread 0x00000234d48f6800 Exception <a 'java/lang/NoSuchMethodError'{0x000000008bcacae8}: 'void java.lang.invoke.DirectMethodHandle$Holder.invokeStatic(java.lang.Object, long)'> (0x000000008bcacae8) thrown at [src/hotspot/share/interpreter/linkResolver.cpp, line 773]
Event: 58.986 Thread 0x00000234d48f6800 Exception <a 'java/lang/NoSuchMethodError'{0x000000008bcb2a48}: 'java.lang.Object java.lang.invoke.DirectMethodHandle$Holder.invokeStatic(java.lang.Object, long)'> (0x000000008bcb2a48) thrown at [src/hotspot/share/interpreter/linkResolver.cpp, line 773]
Event: 58.986 Thread 0x00000234d48f6800 Exception <a 'java/lang/NoSuchMethodError'{0x000000008bcb6d60}: 'java.lang.Object java.lang.invoke.DirectMethodHandle$Holder.invokeSpecial(java.lang.Object, java.lang.Object, long)'> (0x000000008bcb6d60) thrown at [src/hotspot/share/interpreter/linkResolver.cpp, line 773]
Event: 58.988 Thread 0x00000234d48f6800 Exception <a 'java/lang/NoSuchMethodError'{0x000000008bcc28b0}: 'java.lang.Object java.lang.invoke.DirectMethodHandle$Holder.invokeStaticInit(java.lang.Object, java.lang.Object, long, java.lang.Object)'> (0x000000008bcc28b0) thrown at [src/hotspot/share/interpreter/linkResolver.cpp, line 773]
Event: 59.365 Thread 0x00000234d48f6800 Exception <a 'java/lang/ClassNotFoundException'{0x000000008bce7e98}: java/lang/ProcessImplBeanInfo> (0x000000008bce7e98) thrown at [src/hotspot/share/classfile/systemDictionary.cpp, line 230]
Event: 59.365 Thread 0x00000234d48f6800 Exception <a 'java/lang/ClassNotFoundException'{0x000000008bced5e0}: java/lang/ProcessBeanInfo> (0x000000008bced5e0) thrown at [src/hotspot/share/classfile/systemDictionary.cpp, line 230]
Event: 59.366 Thread 0x00000234d48f6800 Exception <a 'java/lang/ClassNotFoundException'{0x000000008bcf2f98}: java/lang/ProcessCustomizer> (0x000000008bcf2f98) thrown at [src/hotspot/share/classfile/systemDictionary.cpp, line 230]
Event: 59.367 Thread 0x00000234d48f6800 Exception <a 'java/lang/ClassNotFoundException'{0x000000008bb03830}: java/lang/ProcessImplCustomizer> (0x000000008bb03830) thrown at [src/hotspot/share/classfile/systemDictionary.cpp, line 230]
Event: 59.377 Thread 0x00000234d48f6800 Exception <a 'java/lang/ClassNotFoundException'{0x000000008bb54738}: java/io/InputStreamReaderBeanInfo> (0x000000008bb54738) thrown at [src/hotspot/share/classfile/systemDictionary.cpp, line 230]
Event: 59.378 Thread 0x00000234d48f6800 Exception <a 'java/lang/ClassNotFoundException'{0x000000008bb59df8}: java/io/ReaderBeanInfo> (0x000000008bb59df8) thrown at [src/hotspot/share/classfile/systemDictionary.cpp, line 230]
Event: 59.378 Thread 0x00000234d48f6800 Exception <a 'java/lang/ClassNotFoundException'{0x000000008bb5f778}: java/io/ReaderCustomizer> (0x000000008bb5f778) thrown at [src/hotspot/share/classfile/systemDictionary.cpp, line 230]
Event: 59.379 Thread 0x00000234d48f6800 Exception <a 'java/lang/ClassNotFoundException'{0x000000008bb69d38}: java/io/InputStreamReaderCustomizer> (0x000000008bb69d38) thrown at [src/hotspot/share/classfile/systemDictionary.cpp, line 230]
Event: 59.388 Thread 0x00000234d48f6800 Exception <a 'java/lang/ClassNotFoundException'{0x000000008bb8d598}: java/io/BufferedReaderBeanInfo> (0x000000008bb8d598) thrown at [src/hotspot/share/classfile/systemDictionary.cpp, line 230]
Event: 59.388 Thread 0x00000234d48f6800 Exception <a 'java/lang/ClassNotFoundException'{0x000000008bb92760}: java/io/BufferedReaderCustomizer> (0x000000008bb92760) thrown at [src/hotspot/share/classfile/systemDictionary.cpp, line 230]
Event: 59.394 Thread 0x00000234d48f6800 Exception <a 'java/lang/ClassNotFoundException'{0x000000008bac91f8}: java/lang/StringBufferBeanInfo> (0x000000008bac91f8) thrown at [src/hotspot/share/classfile/systemDictionary.cpp, line 230]
Event: 59.394 Thread 0x00000234d48f6800 Exception <a 'java/lang/ClassNotFoundException'{0x000000008bace988}: java/lang/AbstractStringBuilderBeanInfo> (0x000000008bace988) thrown at [src/hotspot/share/classfile/systemDictionary.cpp, line 230]
Event: 59.395 Thread 0x00000234d48f6800 Exception <a 'java/lang/ClassNotFoundException'{0x000000008bad4130}: java/lang/AbstractStringBuilderCustomizer> (0x000000008bad4130) thrown at [src/hotspot/share/classfile/systemDictionary.cpp, line 230]
Event: 59.435 Thread 0x00000234d48f6800 Exception <a 'java/lang/ClassNotFoundException'{0x000000008b9a0d38}: java/lang/StringBufferCustomizer> (0x000000008b9a0d38) thrown at [src/hotspot/share/classfile/systemDictionary.cpp, line 230]
Event: 73.837 Thread 0x00000234d48f6800 Exception <a 'java/lang/ClassNotFoundException'{0x000000008b617420}: java/lang/StringBeanInfo> (0x000000008b617420) thrown at [src/hotspot/share/classfile/systemDictionary.cpp, line 230]
Event: 73.837 Thread 0x00000234d48f6800 Exception <a 'java/lang/ClassNotFoundException'{0x000000008b61c5e0}: java/lang/StringCustomizer> (0x000000008b61c5e0) thrown at [src/hotspot/share/classfile/systemDictionary.cpp, line 230]

Events (20 events):
Event: 73.824 Executing VM operation: RevokeBias
Event: 73.824 Executing VM operation: RevokeBias done
Event: 73.825 loading class groovy/lang/GroovyRuntimeException
Event: 73.825 loading class groovy/lang/GroovyRuntimeException done
Event: 73.827 loading class org/codehaus/groovy/runtime/typehandling/DefaultTypeTransformation
Event: 73.827 loading class org/codehaus/groovy/runtime/typehandling/DefaultTypeTransformation done
Event: 73.827 loading class groovy/runtime/metaclass/java/lang/StringMetaClass
Event: 73.827 loading class groovy/runtime/metaclass/java/lang/StringMetaClass done
Event: 73.837 loading class java/lang/StringBeanInfo
Event: 73.837 loading class java/lang/StringBeanInfo done
Event: 73.837 loading class java/lang/StringBeanInfo
Event: 73.837 loading class java/lang/StringBeanInfo done
Event: 73.837 loading class java/lang/StringCustomizer
Event: 73.837 loading class java/lang/StringCustomizer done
Event: 73.837 loading class java/lang/StringCustomizer
Event: 73.837 loading class java/lang/StringCustomizer done
Event: 73.841 loading class org/codehaus/groovy/runtime/dgm$1154
Event: 73.841 loading class org/codehaus/groovy/runtime/dgm$1154 done
Event: 73.842 Executing VM operation: Deoptimize
Event: 73.843 Executing VM operation: Deoptimize done


Dynamic libraries:
0x00007ff626260000 - 0x00007ff62626a000 	C:\Program Files\Android\Android Studio\jbr\bin\java.exe
0x00007ffa063d0000 - 0x00007ffa065c8000 	C:\Windows\SYSTEM32\ntdll.dll
0x00007ffa05d40000 - 0x00007ffa05dff000 	C:\Windows\System32\KERNEL32.DLL
0x00007ffa04100000 - 0x00007ffa043f6000 	C:\Windows\System32\KERNELBASE.dll
0x00007ffa03f50000 - 0x00007ffa04050000 	C:\Windows\System32\ucrtbase.dll
0x00007ff9ff500000 - 0x00007ff9ff517000 	C:\Program Files\Android\Android Studio\jbr\bin\jli.dll
0x00007ffa04830000 - 0x00007ffa049cd000 	C:\Windows\System32\USER32.dll
0x00007ffa04400000 - 0x00007ffa04422000 	C:\Windows\System32\win32u.dll
0x00007ffa04e90000 - 0x00007ffa04ebc000 	C:\Windows\System32\GDI32.dll
0x00007ffa03d50000 - 0x00007ffa03e65000 	C:\Windows\System32\gdi32full.dll
0x00007ffa03b50000 - 0x00007ffa03bed000 	C:\Windows\System32\msvcp_win.dll
0x00007ff9ff4e0000 - 0x00007ff9ff4fb000 	C:\Program Files\Android\Android Studio\jbr\bin\VCRUNTIME140.dll
0x00007ff9eccb0000 - 0x00007ff9ecf4a000 	C:\Windows\WinSxS\amd64_microsoft.windows.common-controls_6595b64144ccf1df_6.0.19041.1110_none_60b5254171f9507e\COMCTL32.dll
0x00007ffa06250000 - 0x00007ffa062ee000 	C:\Windows\System32\msvcrt.dll
0x00007ffa049d0000 - 0x00007ffa04a00000 	C:\Windows\System32\IMM32.DLL
0x00007ff9ff4d0000 - 0x00007ff9ff4dc000 	C:\Program Files\Android\Android Studio\jbr\bin\vcruntime140_1.dll
0x00007ff9b0230000 - 0x00007ff9b02bd000 	C:\Program Files\Android\Android Studio\jbr\bin\msvcp140.dll
0x00007ff9a5890000 - 0x00007ff9a644c000 	C:\Program Files\Android\Android Studio\jbr\bin\server\jvm.dll
0x00007ffa04780000 - 0x00007ffa0482f000 	C:\Windows\System32\ADVAPI32.dll
0x00007ffa062f0000 - 0x00007ffa0638c000 	C:\Windows\System32\sechost.dll
0x00007ffa045e0000 - 0x00007ffa04706000 	C:\Windows\System32\RPCRT4.dll
0x00007ffa05cb0000 - 0x00007ffa05cb8000 	C:\Windows\System32\PSAPI.DLL
0x00007ff9ff4c0000 - 0x00007ff9ff4c9000 	C:\Windows\SYSTEM32\WSOCK32.dll
0x00007ffa06100000 - 0x00007ffa0616b000 	C:\Windows\System32\WS2_32.dll
0x00007ff9e98c0000 - 0x00007ff9e98e7000 	C:\Windows\SYSTEM32\WINMM.dll
0x00007ff9f9ec0000 - 0x00007ff9f9eca000 	C:\Windows\SYSTEM32\VERSION.dll
0x00007ffa02290000 - 0x00007ffa022a2000 	C:\Windows\SYSTEM32\kernel.appcore.dll
0x00007ff9ff4b0000 - 0x00007ff9ff4c0000 	C:\Program Files\Android\Android Studio\jbr\bin\verify.dll
0x00007ffa01800000 - 0x00007ffa019e4000 	C:\Windows\SYSTEM32\DBGHELP.DLL
0x00007ff9eb7e0000 - 0x00007ff9eb814000 	C:\Windows\SYSTEM32\dbgcore.DLL
0x00007ffa03ec0000 - 0x00007ffa03f42000 	C:\Windows\System32\bcryptPrimitives.dll
0x00007ff9b0030000 - 0x00007ff9b0058000 	C:\Program Files\Android\Android Studio\jbr\bin\java.dll
0x00007ff9de7b0000 - 0x00007ff9de7ba000 	C:\Program Files\Android\Android Studio\jbr\bin\jimage.dll
0x00007ff9c6240000 - 0x00007ff9c6258000 	C:\Program Files\Android\Android Studio\jbr\bin\zip.dll
0x00007ffa053e0000 - 0x00007ffa05b24000 	C:\Windows\System32\SHELL32.dll
0x00007ffa01af0000 - 0x00007ffa02283000 	C:\Windows\SYSTEM32\windows.storage.dll
0x00007ffa04a10000 - 0x00007ffa04d64000 	C:\Windows\System32\combase.dll
0x00007ffa034f0000 - 0x00007ffa0351e000 	C:\Windows\SYSTEM32\Wldp.dll
0x00007ffa05b30000 - 0x00007ffa05bdd000 	C:\Windows\System32\SHCORE.dll
0x00007ffa04720000 - 0x00007ffa04775000 	C:\Windows\System32\shlwapi.dll
0x00007ffa039e0000 - 0x00007ffa03a05000 	C:\Windows\SYSTEM32\profapi.dll
0x00007ff9c61d0000 - 0x00007ff9c61e9000 	C:\Program Files\Android\Android Studio\jbr\bin\net.dll
0x00007ff9fda30000 - 0x00007ff9fdb3a000 	C:\Windows\SYSTEM32\WINHTTP.dll
0x00007ffa03250000 - 0x00007ffa032ba000 	C:\Windows\system32\mswsock.dll
0x00007ff9c5cf0000 - 0x00007ff9c5d03000 	C:\Program Files\Android\Android Studio\jbr\bin\nio.dll
0x00007ff9b06a0000 - 0x00007ff9b06c7000 	C:\Users\HP\.gradle\native\e1d6ef7f7dcc3fd88c89a11ec53ec762bb8ba0a96d01ffa2cd45eb1d1d8dd5c5\windows-amd64\native-platform.dll
0x00007ff9d1d50000 - 0x00007ff9d1e94000 	C:\Users\HP\.gradle\native\0d407fdbe67a94daf76414ababcb853783967236a71b16ec16e742cd7a986fd3\windows-amd64\native-platform-file-events.dll
0x00007ff9fc3b0000 - 0x00007ff9fc3ba000 	C:\Program Files\Android\Android Studio\jbr\bin\management.dll
0x00007ff9ecb90000 - 0x00007ff9ecb9b000 	C:\Program Files\Android\Android Studio\jbr\bin\management_ext.dll
0x00007ffa03440000 - 0x00007ffa03458000 	C:\Windows\SYSTEM32\CRYPTSP.dll
0x00007ffa02ac0000 - 0x00007ffa02af4000 	C:\Windows\system32\rsaenh.dll
0x00007ffa03ab0000 - 0x00007ffa03ad7000 	C:\Windows\System32\bcrypt.dll
0x00007ffa039a0000 - 0x00007ffa039ce000 	C:\Windows\SYSTEM32\USERENV.dll
0x00007ffa03460000 - 0x00007ffa0346c000 	C:\Windows\SYSTEM32\CRYPTBASE.dll
0x00007ffa02ef0000 - 0x00007ffa02f2b000 	C:\Windows\SYSTEM32\IPHLPAPI.DLL
0x00007ffa04710000 - 0x00007ffa04718000 	C:\Windows\System32\NSI.dll
0x00007ff9f9ff0000 - 0x00007ff9fa007000 	C:\Windows\SYSTEM32\dhcpcsvc6.DLL
0x00007ff9fa120000 - 0x00007ff9fa13d000 	C:\Windows\SYSTEM32\dhcpcsvc.DLL
0x00007ffa02f40000 - 0x00007ffa0300a000 	C:\Windows\SYSTEM32\DNSAPI.dll

dbghelp: loaded successfully - version: 4.0.5 - missing functions: none
symbol engine: initialized successfully - sym options: 0x614 - pdb path: .;C:\Program Files\Android\Android Studio\jbr\bin;C:\Windows\SYSTEM32;C:\Windows\WinSxS\amd64_microsoft.windows.common-controls_6595b64144ccf1df_6.0.19041.1110_none_60b5254171f9507e;C:\Program Files\Android\Android Studio\jbr\bin\server;C:\Users\HP\.gradle\native\e1d6ef7f7dcc3fd88c89a11ec53ec762bb8ba0a96d01ffa2cd45eb1d1d8dd5c5\windows-amd64;C:\Users\HP\.gradle\native\0d407fdbe67a94daf76414ababcb853783967236a71b16ec16e742cd7a986fd3\windows-amd64

VM Arguments:
jvm_args: -XX:MaxMetaspaceSize=512m --add-opens=java.base/java.util=ALL-UNNAMED --add-opens=java.base/java.lang=ALL-UNNAMED --add-opens=java.base/java.lang.invoke=ALL-UNNAMED --add-opens=java.base/java.util=ALL-UNNAMED --add-opens=java.prefs/java.util.prefs=ALL-UNNAMED --add-opens=java.prefs/java.util.prefs=ALL-UNNAMED --add-opens=java.base/java.nio.charset=ALL-UNNAMED --add-opens=java.base/java.net=ALL-UNNAMED --add-opens=java.base/java.util.concurrent.atomic=ALL-UNNAMED -Xmx2048m -Dfile.encoding=windows-1252 -Duser.country=US -Duser.language=en -Duser.variant 
java_command: org.gradle.launcher.daemon.bootstrap.GradleDaemon 7.5.1
java_class_path (initial): C:\Users\HP\.gradle\wrapper\dists\gradle-7.5.1-all\1ehga6e77gqps5uk2kc5kf1vc\gradle-7.5.1\lib\gradle-launcher-7.5.1.jar
Launcher Type: SUN_STANDARD

[Global flags]
     intx CICompilerCount                          = 4                                         {product} {ergonomic}
   size_t CompressedClassSpaceSize                 = 528482304                                 {product} {ergonomic}
     uint ConcGCThreads                            = 2                                         {product} {ergonomic}
     uint G1ConcRefinementThreads                  = 8                                         {product} {ergonomic}
   size_t G1HeapRegionSize                         = 1048576                                   {product} {ergonomic}
    uintx GCDrainStackTargetSize                   = 64                                        {product} {ergonomic}
   size_t InitialHeapSize                          = 264241152                                 {product} {ergonomic}
   size_t MarkStackSize                            = 4194304                                   {product} {ergonomic}
   size_t MaxHeapSize                              = 2147483648                                {product} {command line}
   size_t MaxMetaspaceSize                         = 536870912                                 {product} {command line}
   size_t MaxNewSize                               = 1287651328                                {product} {ergonomic}
   size_t MinHeapDeltaBytes                        = 1048576                                   {product} {ergonomic}
    uintx NonNMethodCodeHeapSize                   = 5836300                                {pd product} {ergonomic}
    uintx NonProfiledCodeHeapSize                  = 122910970                              {pd product} {ergonomic}
    uintx ProfiledCodeHeapSize                     = 122910970                              {pd product} {ergonomic}
    uintx ReservedCodeCacheSize                    = 251658240                              {pd product} {ergonomic}
     bool SegmentedCodeCache                       = true                                      {product} {ergonomic}
     bool UseCompressedClassPointers               = true                                 {lp64_product} {ergonomic}
     bool UseCompressedOops                        = true                                 {lp64_product} {ergonomic}
     bool UseG1GC                                  = true                                      {product} {ergonomic}
     bool UseLargePagesIndividualAllocation        = false                                  {pd product} {ergonomic}

Logging:
Log output configuration:
 #0: stdout all=warning uptime,level,tags
 #1: stderr all=off uptime,level,tags

Environment Variables:
JAVA_HOME=C:\Program Files\Android\Android Studio\jbr\
CLASSPATH=D:\ShohozSeba\UserApp\android\\gradle\wrapper\gradle-wrapper.jar
PATH=D:\ShohozSeba\UserApp\android\node_modules\.bin;D:\ShohozSeba\UserApp\node_modules\.bin;D:\ShohozSeba\node_modules\.bin;D:\node_modules\.bin;C:\Program Files\nodejs;D:\ShohozSeba\UserApp\node_modules\.bin;D:\ShohozSeba\UserApp\node_modules\.bin;D:\ShohozSeba\node_modules\.bin;D:\node_modules\.bin;C:\Users\HP\AppData\Roaming\nvm\v18.13.0\node_modules\npm\node_modules\@npmcli\run-script\lib\node-gyp-bin;D:\ShohozSeba\UserApp\node_modules\.bin;D:\ShohozSeba\node_modules\.bin;D:\node_modules\.bin;C:\Program Files\nodejs;C:\Users\HP\AppData\Local\Temp\yarn--1693411450376-0.9926936203921977;D:\ShohozSeba\UserApp\node_modules\.bin;C:\Users\HP\AppData\Local\Yarn\Data\link\node_modules\.bin;C:\Users\HP\AppData\Local\Yarn\bin;C:\Program Files\libexec\lib\node_modules\npm\bin\node-gyp-bin;C:\Program Files\lib\node_modules\npm\bin\node-gyp-bin;C:\Program Files\nodejs\node_modules\npm\bin\node-gyp-bin;C:\Users\HP\AppData\Local\cloud-code\installer\google-cloud-sdk\bin;C:\Program Files\Microsoft\jdk-11.0.18.10-hotspot\bin;C:\Windows\system32;C:\Windows;C:\Windows\System32\Wbem;C:\Windows\System32\WindowsPowerShell\v1.0\;C:\Windows\System32\OpenSSH\;C:\Program Files\MongoDB\Server\6.0\bin;C:\Program Files\Git\cmd;C:\xampp\php;C:\ProgramData\chocolatey\bin;C:\Users\HP\AppData\Roaming\roaming\npm\node_modules;F:\Android_Studio\platform-tools;C:\ProgramData\ComposerSetup\bin;C:\Program Files\OpenSSL-Win64\bin;C:\Program Files\PuTTY\;%NVM_HOME%;%NVM_SYMLINK%;F:\Matlab\runtime\win64;F:\Matlab\bin;C:\Users\HP\AppData\Local\Programs\Python\Python37\Scripts\;C:\Users\HP\AppData\Local\Programs\Python\Python37\;C:\Program Files\Git\bin\;C:\xampp\php;C:\Users\HP\AppData\Roaming\npm;F:\FlutterSdk\flutter\bin;C:\ProgramData\chocolatey\bin\;C:\Users\HP\AppData\Local\Programs\Microsoft VS Code\bin;C:\Users\HP\AppData\Local\GitHubDesktop\bin;C:\Users\HP\AppData\Roaming\Composer\vendor\bin;C:\Users\HP\AppData\Roaming\nvm;C:\Program Files\nodejs
USERNAME=HP
LANG=en_US.UTF-8
OS=Windows_NT
PROCESSOR_IDENTIFIER=Intel64 Family 6 Model 140 Stepping 1, GenuineIntel



---------------  S Y S T E M  ---------------

OS: Windows 10 , 64 bit Build 19041 (10.0.19041.3155)
OS uptime: 5 days 19:49 hours
Hyper-V role detected

CPU:total 8 (initial active 8) (4 cores per cpu, 2 threads per core) family 6 model 140 stepping 1 microcode 0x86, cmov, cx8, fxsr, mmx, sse, sse2, sse3, ssse3, sse4.1, sse4.2, popcnt, avx, avx2, aes, clmul, erms, 3dnowpref, lzcnt, ht, tsc, tscinvbit, bmi1, bmi2, adx, evex, sha, fma

Memory: 4k page, system-wide physical 16124M (210M free)
TotalPageFile size 31310M (AvailPageFile size 45M)
current process WorkingSet (physical memory assigned to process): 249M, peak: 267M
current process commit charge ("private bytes"): 413M, peak: 433M

vm_info: OpenJDK 64-Bit Server VM (11.0.15+0-b2043.56-9505619) for windows-amd64 JRE (11.0.15+0-b2043.56-9505619), built on Jan 19 2023 02:48:00 by "builduser" with unknown MS VC++:1929

END.
