#
# There is insufficient memory for the Java Runtime Environment to continue.
# Native memory allocation (malloc) failed to allocate 65552 bytes for Chunk::new
# Possible reasons:
#   The system is out of physical RAM or swap space
#   The process is running with CompressedOops enabled, and the Java Heap may be blocking the growth of the native heap
# Possible solutions:
#   Reduce memory load on the system
#   Increase physical memory or swap space
#   Check if swap backing store is full
#   Decrease Java heap size (-Xmx/-Xms)
#   Decrease number of Java threads
#   Decrease Java thread stack sizes (-Xss)
#   Set larger code cache with -XX:ReservedCodeCacheSize=
#   JVM is running with Unscaled Compressed Oops mode in which the Java heap is
#     placed in the first 4GB address space. The Java Heap base address is the
#     maximum limit for the native heap growth. Please use -XX:HeapBaseMinAddress
#     to set the Java Heap base and to place the Java Heap above 4GB virtual address.
# This output file may be truncated or incomplete.
#
#  Out of Memory Error (src/hotspot/share/memory/arena.cpp:197), pid=13580, tid=3860
#
# JRE version: OpenJDK Runtime Environment (11.0.15) (build 11.0.15+0-b2043.56-9505619)
# Java VM: OpenJDK 64-Bit Server VM (11.0.15+0-b2043.56-9505619, mixed mode, tiered, compressed oops, g1 gc, windows-amd64)
# No core dump will be written. Minidumps are not enabled by default on client versions of Windows
#

---------------  S U M M A R Y ------------

Command Line: -XX:MaxMetaspaceSize=512m --add-opens=java.base/java.util=ALL-UNNAMED --add-opens=java.base/java.lang=ALL-UNNAMED --add-opens=java.base/java.lang.invoke=ALL-UNNAMED --add-opens=java.base/java.util=ALL-UNNAMED --add-opens=java.prefs/java.util.prefs=ALL-UNNAMED --add-opens=java.prefs/java.util.prefs=ALL-UNNAMED --add-opens=java.base/java.nio.charset=ALL-UNNAMED --add-opens=java.base/java.net=ALL-UNNAMED --add-opens=java.base/java.util.concurrent.atomic=ALL-UNNAMED -Xmx2048m -Dfile.encoding=windows-1252 -Duser.country=US -Duser.language=en -Duser.variant org.gradle.launcher.daemon.bootstrap.GradleDaemon 7.5.1

Host: 11th Gen Intel(R) Core(TM) i5-1135G7 @ 2.40GHz, 8 cores, 15G,  Windows 10 , 64 bit Build 19041 (10.0.19041.3155)
Time: Wed Aug 30 23:27:00 2023 Bangladesh Standard Time elapsed time: 94.622250 seconds (0d 0h 1m 34s)

---------------  T H R E A D  ---------------

Current thread (0x000002b5ce060800):  JavaThread "C2 CompilerThread0" daemon [_thread_in_native, id=3860, stack(0x000000b9e5c00000,0x000000b9e5d00000)]


Current CompileTask:
C2:  94622 3822       4       org.codehaus.groovy.runtime.metaclass.MetaMethodIndex::addMethodToList (131 bytes)

Stack: [0x000000b9e5c00000,0x000000b9e5d00000]
Native frames: (J=compiled Java code, j=interpreted, Vv=VM code, C=native code)
V  [jvm.dll+0x64135a]
V  [jvm.dll+0x7d39f9]
V  [jvm.dll+0x7d51b9]
V  [jvm.dll+0x7d58a3]
V  [jvm.dll+0x2691c5]
V  [jvm.dll+0xc1a5c]
V  [jvm.dll+0xc200c]
V  [jvm.dll+0x66ea52]
V  [jvm.dll+0x66eda3]
V  [jvm.dll+0x6709a5]
V  [jvm.dll+0x66f369]
V  [jvm.dll+0x222706]
V  [jvm.dll+0x220384]
V  [jvm.dll+0x19e851]
V  [jvm.dll+0x230479]
V  [jvm.dll+0x22e5ef]
V  [jvm.dll+0x794de1]
V  [jvm.dll+0x78dc24]
V  [jvm.dll+0x6400f6]
C  [ucrtbase.dll+0x21bb2]
C  [KERNEL32.DLL+0x17614]
C  [ntdll.dll+0x526b1]


---------------  P R O C E S S  ---------------

Threads class SMR info:
_java_thread_list=0x000002b5d0c04bf0, length=36, elements={
0x000002b5b32f0000, 0x000002b5cdff7800, 0x000002b5cdff9000, 0x000002b5ce059800,
0x000002b5ce05c800, 0x000002b5ce05f800, 0x000002b5ce060800, 0x000002b5ce061800,
0x000002b5ce062800, 0x000002b5ce1d7800, 0x000002b5cf0a1800, 0x000002b5ceeec000,
0x000002b5cf85e800, 0x000002b5cf41f000, 0x000002b5cf885800, 0x000002b5ce5db000,
0x000002b5cf2e0800, 0x000002b5cf6a6800, 0x000002b5cf656000, 0x000002b5cf2ce000,
0x000002b5cf2c8800, 0x000002b5cf2cc800, 0x000002b5cf2cd000, 0x000002b5cf2ca000,
0x000002b5cf2c9000, 0x000002b5cf2cf000, 0x000002b5cf2cb000, 0x000002b5cf2cb800,
0x000002b5d0be7000, 0x000002b5d0be3000, 0x000002b5d0be2800, 0x000002b5d0be4000,
0x000002b5d0be4800, 0x000002b5d0bea800, 0x000002b5d0be8000, 0x000002b5d0be5800
}

Java Threads: ( => current thread )
  0x000002b5b32f0000 JavaThread "main" [_thread_blocked, id=14628, stack(0x000000b9e5000000,0x000000b9e5100000)]
  0x000002b5cdff7800 JavaThread "Reference Handler" daemon [_thread_blocked, id=23188, stack(0x000000b9e5700000,0x000000b9e5800000)]
  0x000002b5cdff9000 JavaThread "Finalizer" daemon [_thread_blocked, id=12824, stack(0x000000b9e5800000,0x000000b9e5900000)]
  0x000002b5ce059800 JavaThread "Signal Dispatcher" daemon [_thread_blocked, id=22596, stack(0x000000b9e5900000,0x000000b9e5a00000)]
  0x000002b5ce05c800 JavaThread "Attach Listener" daemon [_thread_blocked, id=1192, stack(0x000000b9e5a00000,0x000000b9e5b00000)]
  0x000002b5ce05f800 JavaThread "Service Thread" daemon [_thread_blocked, id=25456, stack(0x000000b9e5b00000,0x000000b9e5c00000)]
=>0x000002b5ce060800 JavaThread "C2 CompilerThread0" daemon [_thread_in_native, id=3860, stack(0x000000b9e5c00000,0x000000b9e5d00000)]
  0x000002b5ce061800 JavaThread "C1 CompilerThread0" daemon [_thread_blocked, id=18864, stack(0x000000b9e5d00000,0x000000b9e5e00000)]
  0x000002b5ce062800 JavaThread "Sweeper thread" daemon [_thread_blocked, id=10000, stack(0x000000b9e5e00000,0x000000b9e5f00000)]
  0x000002b5ce1d7800 JavaThread "Common-Cleaner" daemon [_thread_blocked, id=14184, stack(0x000000b9e5f00000,0x000000b9e6000000)]
  0x000002b5cf0a1800 JavaThread "Daemon health stats" [_thread_blocked, id=20204, stack(0x000000b9e6600000,0x000000b9e6700000)]
  0x000002b5ceeec000 JavaThread "Incoming local TCP Connector on port 13327" [_thread_in_native, id=26496, stack(0x000000b9e4e00000,0x000000b9e4f00000)]
  0x000002b5cf85e800 JavaThread "Daemon periodic checks" [_thread_blocked, id=10728, stack(0x000000b9e6700000,0x000000b9e6800000)]
  0x000002b5cf41f000 JavaThread "Daemon" [_thread_blocked, id=23792, stack(0x000000b9e6800000,0x000000b9e6900000)]
  0x000002b5cf885800 JavaThread "Handler for socket connection from /127.0.0.1:13327 to /127.0.0.1:13329" [_thread_in_native, id=9324, stack(0x000000b9e6900000,0x000000b9e6a00000)]
  0x000002b5ce5db000 JavaThread "Cancel handler" [_thread_blocked, id=20820, stack(0x000000b9e6a00000,0x000000b9e6b00000)]
  0x000002b5cf2e0800 JavaThread "Daemon worker" [_thread_in_vm, id=16964, stack(0x000000b9e6b00000,0x000000b9e6c00000)]
  0x000002b5cf6a6800 JavaThread "Asynchronous log dispatcher for DefaultDaemonConnection: socket connection from /127.0.0.1:13327 to /127.0.0.1:13329" [_thread_blocked, id=26412, stack(0x000000b9e6c00000,0x000000b9e6d00000)]
  0x000002b5cf656000 JavaThread "Stdin handler" [_thread_blocked, id=26420, stack(0x000000b9e6d00000,0x000000b9e6e00000)]
  0x000002b5cf2ce000 JavaThread "Daemon client event forwarder" [_thread_blocked, id=11576, stack(0x000000b9e6e00000,0x000000b9e6f00000)]
  0x000002b5cf2c8800 JavaThread "Cache worker for journal cache (C:\Users\HP\.gradle\caches\journal-1)" [_thread_blocked, id=14556, stack(0x000000b9e6f00000,0x000000b9e7000000)]
  0x000002b5cf2cc800 JavaThread "File lock request listener" [_thread_in_native, id=20108, stack(0x000000b9e7000000,0x000000b9e7100000)]
  0x000002b5cf2cd000 JavaThread "File lock release action executor" [_thread_blocked, id=13720, stack(0x000000b9e7100000,0x000000b9e7200000)]
  0x000002b5cf2ca000 JavaThread "Cache worker for file hash cache (C:\Users\HP\.gradle\caches\7.5.1\fileHashes)" [_thread_blocked, id=26764, stack(0x000000b9e7200000,0x000000b9e7300000)]
  0x000002b5cf2c9000 JavaThread "File watcher server" daemon [_thread_in_native, id=28264, stack(0x000000b9e4d00000,0x000000b9e4e00000)]
  0x000002b5cf2cf000 JavaThread "File watcher consumer" daemon [_thread_blocked, id=28284, stack(0x000000b9e4f00000,0x000000b9e5000000)]
  0x000002b5cf2cb000 JavaThread "Cache worker for checksums cache (D:\ShohozSeba\UserApp\android\.gradle\7.5.1\checksums)" [_thread_blocked, id=28488, stack(0x000000b9e7900000,0x000000b9e7a00000)]
  0x000002b5cf2cb800 JavaThread "Cache worker for cache directory md-rule (C:\Users\HP\.gradle\caches\7.5.1\md-rule)" [_thread_blocked, id=28500, stack(0x000000b9e7a00000,0x000000b9e7b00000)]
  0x000002b5d0be7000 JavaThread "Cache worker for file content cache (C:\Users\HP\.gradle\caches\7.5.1\fileContent)" [_thread_blocked, id=28508, stack(0x000000b9e7b00000,0x000000b9e7c00000)]
  0x000002b5d0be3000 JavaThread "Cache worker for file hash cache (D:\ShohozSeba\UserApp\android\.gradle\7.5.1\fileHashes)" [_thread_blocked, id=4056, stack(0x000000b9e7c00000,0x000000b9e7d00000)]
  0x000002b5d0be2800 JavaThread "Cache worker for cache directory md-supplier (C:\Users\HP\.gradle\caches\7.5.1\md-supplier)" [_thread_blocked, id=6864, stack(0x000000b9e7d00000,0x000000b9e7e00000)]
  0x000002b5d0be4000 JavaThread "Cache worker for execution history cache (C:\Users\HP\.gradle\caches\7.5.1\executionHistory)" [_thread_blocked, id=4084, stack(0x000000b9e7e00000,0x000000b9e7f00000)]
  0x000002b5d0be4800 JavaThread "jar transforms" [_thread_blocked, id=26192, stack(0x000000b9e7f00000,0x000000b9e8000000)]
  0x000002b5d0bea800 JavaThread "jar transforms Thread 2" [_thread_blocked, id=28456, stack(0x000000b9e8000000,0x000000b9e8100000)]
  0x000002b5d0be8000 JavaThread "jar transforms Thread 3" [_thread_blocked, id=30348, stack(0x000000b9e8100000,0x000000b9e8200000)]
  0x000002b5d0be5800 JavaThread "jar transforms Thread 4" [_thread_blocked, id=30424, stack(0x000000b9e8200000,0x000000b9e8300000)]

Other Threads:
  0x000002b5cdff2800 VMThread "VM Thread" [stack: 0x000000b9e5600000,0x000000b9e5700000] [id=13508]
  0x000002b5ce1df000 WatcherThread [stack: 0x000000b9e6000000,0x000000b9e6100000] [id=32]
  0x000002b5b3307800 GCTaskThread "GC Thread#0" [stack: 0x000000b9e5100000,0x000000b9e5200000] [id=17892]
  0x000002b5cec7f800 GCTaskThread "GC Thread#1" [stack: 0x000000b9e6100000,0x000000b9e6200000] [id=23812]
  0x000002b5cf9e6000 GCTaskThread "GC Thread#2" [stack: 0x000000b9e6200000,0x000000b9e6300000] [id=20920]
  0x000002b5cf2eb000 GCTaskThread "GC Thread#3" [stack: 0x000000b9e6300000,0x000000b9e6400000] [id=3160]
  0x000002b5cebfe800 GCTaskThread "GC Thread#4" [stack: 0x000000b9e6400000,0x000000b9e6500000] [id=9072]
  0x000002b5cf107800 GCTaskThread "GC Thread#5" [stack: 0x000000b9e6500000,0x000000b9e6600000] [id=8744]
  0x000002b5cf2d2800 GCTaskThread "GC Thread#6" [stack: 0x000000b9e7300000,0x000000b9e7400000] [id=26936]
  0x000002b5ce5bc800 GCTaskThread "GC Thread#7" [stack: 0x000000b9e7400000,0x000000b9e7500000] [id=26940]
  0x000002b5b333a000 ConcurrentGCThread "G1 Main Marker" [stack: 0x000000b9e5200000,0x000000b9e5300000] [id=24312]
  0x000002b5b333c800 ConcurrentGCThread "G1 Conc#0" [stack: 0x000000b9e5300000,0x000000b9e5400000] [id=24876]
  0x000002b5cfaea800 ConcurrentGCThread "G1 Conc#1" [stack: 0x000000b9e7600000,0x000000b9e7700000] [id=27004]
  0x000002b5cd658000 ConcurrentGCThread "G1 Refine#0" [stack: 0x000000b9e5400000,0x000000b9e5500000] [id=8788]
  0x000002b5cf2e6000 ConcurrentGCThread "G1 Refine#1" [stack: 0x000000b9e7500000,0x000000b9e7600000] [id=27000]
  0x000002b5cd659000 ConcurrentGCThread "G1 Young RemSet Sampling" [stack: 0x000000b9e5500000,0x000000b9e5600000] [id=12584]

Threads with active compile tasks:
C2 CompilerThread0    94737 3822       4       org.codehaus.groovy.runtime.metaclass.MetaMethodIndex::addMethodToList (131 bytes)

VM state:not at safepoint (normal execution)

VM Mutex/Monitor currently owned by a thread: None

Heap address: 0x0000000080000000, size: 2048 MB, Compressed Oops mode: 32-bit
Narrow klass base: 0x0000000000000000, Narrow klass shift: 3
Compressed class space size: 528482304 Address: 0x0000000100000000

Heap:
 garbage-first heap   total 258048K, used 91017K [0x0000000080000000, 0x0000000100000000)
  region size 1024K, 71 young (72704K), 6 survivors (6144K)
 Metaspace       used 40352K, capacity 41329K, committed 41424K, reserved 552960K
  class space    used 5062K, capacity 5443K, committed 5504K, reserved 516096K
Heap Regions: E=young(eden), S=young(survivor), O=old, HS=humongous(starts), HC=humongous(continues), CS=collection set, F=free, A=archive, TAMS=top-at-mark-start (previous, next)
|   0|0x0000000080000000, 0x0000000080100000, 0x0000000080100000|100%| O|  |TAMS 0x0000000080100000, 0x0000000080000000| Untracked 
|   1|0x0000000080100000, 0x0000000080200000, 0x0000000080200000|100%| O|  |TAMS 0x0000000080200000, 0x0000000080100000| Untracked 
|   2|0x0000000080200000, 0x0000000080300000, 0x0000000080300000|100%| O|  |TAMS 0x0000000080300000, 0x0000000080200000| Untracked 
|   3|0x0000000080300000, 0x0000000080400000, 0x0000000080400000|100%|HS|  |TAMS 0x0000000080400000, 0x0000000080300000| Complete 
|   4|0x0000000080400000, 0x0000000080500000, 0x0000000080500000|100%|HC|  |TAMS 0x0000000080500000, 0x0000000080400000| Complete 
|   5|0x0000000080500000, 0x0000000080600000, 0x0000000080600000|100%|HC|  |TAMS 0x0000000080600000, 0x0000000080500000| Complete 
|   6|0x0000000080600000, 0x0000000080700000, 0x0000000080700000|100%| O|  |TAMS 0x0000000080700000, 0x0000000080600000| Untracked 
|   7|0x0000000080700000, 0x0000000080800000, 0x0000000080800000|100%| O|  |TAMS 0x0000000080800000, 0x0000000080700000| Untracked 
|   8|0x0000000080800000, 0x0000000080900000, 0x0000000080900000|100%| O|  |TAMS 0x0000000080900000, 0x0000000080800000| Untracked 
|   9|0x0000000080900000, 0x0000000080a00000, 0x0000000080a00000|100%| O|  |TAMS 0x0000000080a00000, 0x0000000080900000| Untracked 
|  10|0x0000000080a00000, 0x0000000080b00000, 0x0000000080b00000|100%| O|  |TAMS 0x0000000080b00000, 0x0000000080a00000| Untracked 
|  11|0x0000000080b00000, 0x0000000080c00000, 0x0000000080c00000|100%| O|  |TAMS 0x0000000080c00000, 0x0000000080b00000| Untracked 
|  12|0x0000000080c00000, 0x0000000080d00000, 0x0000000080d00000|100%| O|  |TAMS 0x0000000080d00000, 0x0000000080c00000| Untracked 
|  13|0x0000000080d00000, 0x0000000080e00000, 0x0000000080e00000|100%| O|  |TAMS 0x0000000080e00000, 0x0000000080d00000| Untracked 
|  14|0x0000000080e00000, 0x0000000080f00000, 0x0000000080f00000|100%| O|  |TAMS 0x0000000080f00000, 0x0000000080e00000| Untracked 
|  15|0x0000000080f00000, 0x0000000081000000, 0x0000000081000000|100%| O|  |TAMS 0x0000000081000000, 0x0000000080f00000| Untracked 
|  16|0x0000000081000000, 0x000000008109c400, 0x0000000081100000| 61%| O|  |TAMS 0x000000008109c400, 0x0000000081000000| Untracked 
|  17|0x0000000081100000, 0x0000000081200000, 0x0000000081200000|100%|HS|  |TAMS 0x0000000081100000, 0x0000000081100000| Complete 
|  18|0x0000000081200000, 0x0000000081300000, 0x0000000081300000|100%|HS|  |TAMS 0x0000000081200000, 0x0000000081200000| Complete 
|  19|0x0000000081300000, 0x0000000081400000, 0x0000000081400000|100%|HC|  |TAMS 0x0000000081300000, 0x0000000081300000| Complete 
|  20|0x0000000081400000, 0x0000000081400000, 0x0000000081500000|  0%| F|  |TAMS 0x0000000081400000, 0x0000000081400000| Untracked 
|  21|0x0000000081500000, 0x0000000081500000, 0x0000000081600000|  0%| F|  |TAMS 0x0000000081500000, 0x0000000081500000| Untracked 
|  22|0x0000000081600000, 0x0000000081600000, 0x0000000081700000|  0%| F|  |TAMS 0x0000000081600000, 0x0000000081600000| Untracked 
|  23|0x0000000081700000, 0x0000000081700000, 0x0000000081800000|  0%| F|  |TAMS 0x0000000081700000, 0x0000000081700000| Untracked 
|  24|0x0000000081800000, 0x0000000081800000, 0x0000000081900000|  0%| F|  |TAMS 0x0000000081800000, 0x0000000081800000| Untracked 
|  25|0x0000000081900000, 0x0000000081900000, 0x0000000081a00000|  0%| F|  |TAMS 0x0000000081900000, 0x0000000081900000| Untracked 
|  26|0x0000000081a00000, 0x0000000081a00000, 0x0000000081b00000|  0%| F|  |TAMS 0x0000000081a00000, 0x0000000081a00000| Untracked 
|  27|0x0000000081b00000, 0x0000000081b00000, 0x0000000081c00000|  0%| F|  |TAMS 0x0000000081b00000, 0x0000000081b00000| Untracked 
|  28|0x0000000081c00000, 0x0000000081c00000, 0x0000000081d00000|  0%| F|  |TAMS 0x0000000081c00000, 0x0000000081c00000| Untracked 
|  29|0x0000000081d00000, 0x0000000081d00000, 0x0000000081e00000|  0%| F|  |TAMS 0x0000000081d00000, 0x0000000081d00000| Untracked 
|  30|0x0000000081e00000, 0x0000000081e00000, 0x0000000081f00000|  0%| F|  |TAMS 0x0000000081e00000, 0x0000000081e00000| Untracked 
|  31|0x0000000081f00000, 0x0000000081f00000, 0x0000000082000000|  0%| F|  |TAMS 0x0000000081f00000, 0x0000000081f00000| Untracked 
|  32|0x0000000082000000, 0x0000000082000000, 0x0000000082100000|  0%| F|  |TAMS 0x0000000082000000, 0x0000000082000000| Untracked 
|  33|0x0000000082100000, 0x0000000082100000, 0x0000000082200000|  0%| F|  |TAMS 0x0000000082100000, 0x0000000082100000| Untracked 
|  34|0x0000000082200000, 0x0000000082200000, 0x0000000082300000|  0%| F|  |TAMS 0x0000000082200000, 0x0000000082200000| Untracked 
|  35|0x0000000082300000, 0x0000000082300000, 0x0000000082400000|  0%| F|  |TAMS 0x0000000082300000, 0x0000000082300000| Untracked 
|  36|0x0000000082400000, 0x0000000082400000, 0x0000000082500000|  0%| F|  |TAMS 0x0000000082400000, 0x0000000082400000| Untracked 
|  37|0x0000000082500000, 0x0000000082500000, 0x0000000082600000|  0%| F|  |TAMS 0x0000000082500000, 0x0000000082500000| Untracked 
|  38|0x0000000082600000, 0x0000000082600000, 0x0000000082700000|  0%| F|  |TAMS 0x0000000082600000, 0x0000000082600000| Untracked 
|  39|0x0000000082700000, 0x0000000082700000, 0x0000000082800000|  0%| F|  |TAMS 0x0000000082700000, 0x0000000082700000| Untracked 
|  40|0x0000000082800000, 0x0000000082800000, 0x0000000082900000|  0%| F|  |TAMS 0x0000000082800000, 0x0000000082800000| Untracked 
|  41|0x0000000082900000, 0x0000000082900000, 0x0000000082a00000|  0%| F|  |TAMS 0x0000000082900000, 0x0000000082900000| Untracked 
|  42|0x0000000082a00000, 0x0000000082a00000, 0x0000000082b00000|  0%| F|  |TAMS 0x0000000082a00000, 0x0000000082a00000| Untracked 
|  43|0x0000000082b00000, 0x0000000082b00000, 0x0000000082c00000|  0%| F|  |TAMS 0x0000000082b00000, 0x0000000082b00000| Untracked 
|  44|0x0000000082c00000, 0x0000000082c00000, 0x0000000082d00000|  0%| F|  |TAMS 0x0000000082c00000, 0x0000000082c00000| Untracked 
|  45|0x0000000082d00000, 0x0000000082d00000, 0x0000000082e00000|  0%| F|  |TAMS 0x0000000082d00000, 0x0000000082d00000| Untracked 
|  46|0x0000000082e00000, 0x0000000082e00000, 0x0000000082f00000|  0%| F|  |TAMS 0x0000000082e00000, 0x0000000082e00000| Untracked 
|  47|0x0000000082f00000, 0x0000000082f00000, 0x0000000083000000|  0%| F|  |TAMS 0x0000000082f00000, 0x0000000082f00000| Untracked 
|  48|0x0000000083000000, 0x0000000083000000, 0x0000000083100000|  0%| F|  |TAMS 0x0000000083000000, 0x0000000083000000| Untracked 
|  49|0x0000000083100000, 0x0000000083100000, 0x0000000083200000|  0%| F|  |TAMS 0x0000000083100000, 0x0000000083100000| Untracked 
|  50|0x0000000083200000, 0x0000000083200000, 0x0000000083300000|  0%| F|  |TAMS 0x0000000083200000, 0x0000000083200000| Untracked 
|  51|0x0000000083300000, 0x0000000083300000, 0x0000000083400000|  0%| F|  |TAMS 0x0000000083300000, 0x0000000083300000| Untracked 
|  52|0x0000000083400000, 0x0000000083400000, 0x0000000083500000|  0%| F|  |TAMS 0x0000000083400000, 0x0000000083400000| Untracked 
|  53|0x0000000083500000, 0x0000000083500000, 0x0000000083600000|  0%| F|  |TAMS 0x0000000083500000, 0x0000000083500000| Untracked 
|  54|0x0000000083600000, 0x0000000083600000, 0x0000000083700000|  0%| F|  |TAMS 0x0000000083600000, 0x0000000083600000| Untracked 
|  55|0x0000000083700000, 0x0000000083700000, 0x0000000083800000|  0%| F|  |TAMS 0x0000000083700000, 0x0000000083700000| Untracked 
|  56|0x0000000083800000, 0x0000000083800000, 0x0000000083900000|  0%| F|  |TAMS 0x0000000083800000, 0x0000000083800000| Untracked 
|  57|0x0000000083900000, 0x0000000083900000, 0x0000000083a00000|  0%| F|  |TAMS 0x0000000083900000, 0x0000000083900000| Untracked 
|  58|0x0000000083a00000, 0x0000000083a00000, 0x0000000083b00000|  0%| F|  |TAMS 0x0000000083a00000, 0x0000000083a00000| Untracked 
|  59|0x0000000083b00000, 0x0000000083b00000, 0x0000000083c00000|  0%| F|  |TAMS 0x0000000083b00000, 0x0000000083b00000| Untracked 
|  60|0x0000000083c00000, 0x0000000083c00000, 0x0000000083d00000|  0%| F|  |TAMS 0x0000000083c00000, 0x0000000083c00000| Untracked 
|  61|0x0000000083d00000, 0x0000000083d00000, 0x0000000083e00000|  0%| F|  |TAMS 0x0000000083d00000, 0x0000000083d00000| Untracked 
|  62|0x0000000083e00000, 0x0000000083e00000, 0x0000000083f00000|  0%| F|  |TAMS 0x0000000083e00000, 0x0000000083e00000| Untracked 
|  63|0x0000000083f00000, 0x0000000083f00000, 0x0000000084000000|  0%| F|  |TAMS 0x0000000083f00000, 0x0000000083f00000| Untracked 
|  64|0x0000000084000000, 0x0000000084000000, 0x0000000084100000|  0%| F|  |TAMS 0x0000000084000000, 0x0000000084000000| Untracked 
|  65|0x0000000084100000, 0x0000000084100000, 0x0000000084200000|  0%| F|  |TAMS 0x0000000084100000, 0x0000000084100000| Untracked 
|  66|0x0000000084200000, 0x0000000084200000, 0x0000000084300000|  0%| F|  |TAMS 0x0000000084200000, 0x0000000084200000| Untracked 
|  67|0x0000000084300000, 0x0000000084300000, 0x0000000084400000|  0%| F|  |TAMS 0x0000000084300000, 0x0000000084300000| Untracked 
|  68|0x0000000084400000, 0x0000000084400000, 0x0000000084500000|  0%| F|  |TAMS 0x0000000084400000, 0x0000000084400000| Untracked 
|  69|0x0000000084500000, 0x0000000084500000, 0x0000000084600000|  0%| F|  |TAMS 0x0000000084500000, 0x0000000084500000| Untracked 
|  70|0x0000000084600000, 0x0000000084600000, 0x0000000084700000|  0%| F|  |TAMS 0x0000000084600000, 0x0000000084600000| Untracked 
|  71|0x0000000084700000, 0x0000000084700000, 0x0000000084800000|  0%| F|  |TAMS 0x0000000084700000, 0x0000000084700000| Untracked 
|  72|0x0000000084800000, 0x0000000084800000, 0x0000000084900000|  0%| F|  |TAMS 0x0000000084800000, 0x0000000084800000| Untracked 
|  73|0x0000000084900000, 0x0000000084900000, 0x0000000084a00000|  0%| F|  |TAMS 0x0000000084900000, 0x0000000084900000| Untracked 
|  74|0x0000000084a00000, 0x0000000084a00000, 0x0000000084b00000|  0%| F|  |TAMS 0x0000000084a00000, 0x0000000084a00000| Untracked 
|  75|0x0000000084b00000, 0x0000000084b00000, 0x0000000084c00000|  0%| F|  |TAMS 0x0000000084b00000, 0x0000000084b00000| Untracked 
|  76|0x0000000084c00000, 0x0000000084c00000, 0x0000000084d00000|  0%| F|  |TAMS 0x0000000084c00000, 0x0000000084c00000| Untracked 
|  77|0x0000000084d00000, 0x0000000084d00000, 0x0000000084e00000|  0%| F|  |TAMS 0x0000000084d00000, 0x0000000084d00000| Untracked 
|  78|0x0000000084e00000, 0x0000000084e00000, 0x0000000084f00000|  0%| F|  |TAMS 0x0000000084e00000, 0x0000000084e00000| Untracked 
|  79|0x0000000084f00000, 0x0000000084f00000, 0x0000000085000000|  0%| F|  |TAMS 0x0000000084f00000, 0x0000000084f00000| Untracked 
|  80|0x0000000085000000, 0x0000000085000000, 0x0000000085100000|  0%| F|  |TAMS 0x0000000085000000, 0x0000000085000000| Untracked 
|  81|0x0000000085100000, 0x0000000085100000, 0x0000000085200000|  0%| F|  |TAMS 0x0000000085100000, 0x0000000085100000| Untracked 
|  82|0x0000000085200000, 0x0000000085200000, 0x0000000085300000|  0%| F|  |TAMS 0x0000000085200000, 0x0000000085200000| Untracked 
|  83|0x0000000085300000, 0x0000000085300000, 0x0000000085400000|  0%| F|  |TAMS 0x0000000085300000, 0x0000000085300000| Untracked 
|  84|0x0000000085400000, 0x0000000085400000, 0x0000000085500000|  0%| F|  |TAMS 0x0000000085400000, 0x0000000085400000| Untracked 
|  85|0x0000000085500000, 0x0000000085500000, 0x0000000085600000|  0%| F|  |TAMS 0x0000000085500000, 0x0000000085500000| Untracked 
|  86|0x0000000085600000, 0x0000000085600000, 0x0000000085700000|  0%| F|  |TAMS 0x0000000085600000, 0x0000000085600000| Untracked 
|  87|0x0000000085700000, 0x0000000085700000, 0x0000000085800000|  0%| F|  |TAMS 0x0000000085700000, 0x0000000085700000| Untracked 
|  88|0x0000000085800000, 0x0000000085800000, 0x0000000085900000|  0%| F|  |TAMS 0x0000000085800000, 0x0000000085800000| Untracked 
|  89|0x0000000085900000, 0x0000000085900000, 0x0000000085a00000|  0%| F|  |TAMS 0x0000000085900000, 0x0000000085900000| Untracked 
|  90|0x0000000085a00000, 0x0000000085a00000, 0x0000000085b00000|  0%| F|  |TAMS 0x0000000085a00000, 0x0000000085a00000| Untracked 
|  91|0x0000000085b00000, 0x0000000085b00000, 0x0000000085c00000|  0%| F|  |TAMS 0x0000000085b00000, 0x0000000085b00000| Untracked 
|  92|0x0000000085c00000, 0x0000000085c00000, 0x0000000085d00000|  0%| F|  |TAMS 0x0000000085c00000, 0x0000000085c00000| Untracked 
|  93|0x0000000085d00000, 0x0000000085d00000, 0x0000000085e00000|  0%| F|  |TAMS 0x0000000085d00000, 0x0000000085d00000| Untracked 
|  94|0x0000000085e00000, 0x0000000085e00000, 0x0000000085f00000|  0%| F|  |TAMS 0x0000000085e00000, 0x0000000085e00000| Untracked 
|  95|0x0000000085f00000, 0x0000000085f00000, 0x0000000086000000|  0%| F|  |TAMS 0x0000000085f00000, 0x0000000085f00000| Untracked 
|  96|0x0000000086000000, 0x0000000086000000, 0x0000000086100000|  0%| F|  |TAMS 0x0000000086000000, 0x0000000086000000| Untracked 
|  97|0x0000000086100000, 0x0000000086100000, 0x0000000086200000|  0%| F|  |TAMS 0x0000000086100000, 0x0000000086100000| Untracked 
|  98|0x0000000086200000, 0x0000000086200000, 0x0000000086300000|  0%| F|  |TAMS 0x0000000086200000, 0x0000000086200000| Untracked 
|  99|0x0000000086300000, 0x0000000086300000, 0x0000000086400000|  0%| F|  |TAMS 0x0000000086300000, 0x0000000086300000| Untracked 
| 100|0x0000000086400000, 0x0000000086400000, 0x0000000086500000|  0%| F|  |TAMS 0x0000000086400000, 0x0000000086400000| Untracked 
| 101|0x0000000086500000, 0x0000000086500000, 0x0000000086600000|  0%| F|  |TAMS 0x0000000086500000, 0x0000000086500000| Untracked 
| 102|0x0000000086600000, 0x0000000086600000, 0x0000000086700000|  0%| F|  |TAMS 0x0000000086600000, 0x0000000086600000| Untracked 
| 103|0x0000000086700000, 0x0000000086700000, 0x0000000086800000|  0%| F|  |TAMS 0x0000000086700000, 0x0000000086700000| Untracked 
| 104|0x0000000086800000, 0x0000000086800000, 0x0000000086900000|  0%| F|  |TAMS 0x0000000086800000, 0x0000000086800000| Untracked 
| 105|0x0000000086900000, 0x0000000086900000, 0x0000000086a00000|  0%| F|  |TAMS 0x0000000086900000, 0x0000000086900000| Untracked 
| 106|0x0000000086a00000, 0x0000000086a00000, 0x0000000086b00000|  0%| F|  |TAMS 0x0000000086a00000, 0x0000000086a00000| Untracked 
| 107|0x0000000086b00000, 0x0000000086b00000, 0x0000000086c00000|  0%| F|  |TAMS 0x0000000086b00000, 0x0000000086b00000| Untracked 
| 108|0x0000000086c00000, 0x0000000086c00000, 0x0000000086d00000|  0%| F|  |TAMS 0x0000000086c00000, 0x0000000086c00000| Untracked 
| 109|0x0000000086d00000, 0x0000000086d00000, 0x0000000086e00000|  0%| F|  |TAMS 0x0000000086d00000, 0x0000000086d00000| Untracked 
| 110|0x0000000086e00000, 0x0000000086e00000, 0x0000000086f00000|  0%| F|  |TAMS 0x0000000086e00000, 0x0000000086e00000| Untracked 
| 111|0x0000000086f00000, 0x0000000086f00000, 0x0000000087000000|  0%| F|  |TAMS 0x0000000086f00000, 0x0000000086f00000| Untracked 
| 112|0x0000000087000000, 0x0000000087000000, 0x0000000087100000|  0%| F|  |TAMS 0x0000000087000000, 0x0000000087000000| Untracked 
| 113|0x0000000087100000, 0x0000000087100000, 0x0000000087200000|  0%| F|  |TAMS 0x0000000087100000, 0x0000000087100000| Untracked 
| 114|0x0000000087200000, 0x0000000087200000, 0x0000000087300000|  0%| F|  |TAMS 0x0000000087200000, 0x0000000087200000| Untracked 
| 115|0x0000000087300000, 0x0000000087300000, 0x0000000087400000|  0%| F|  |TAMS 0x0000000087300000, 0x0000000087300000| Untracked 
| 116|0x0000000087400000, 0x0000000087400000, 0x0000000087500000|  0%| F|  |TAMS 0x0000000087400000, 0x0000000087400000| Untracked 
| 117|0x0000000087500000, 0x0000000087500000, 0x0000000087600000|  0%| F|  |TAMS 0x0000000087500000, 0x0000000087500000| Untracked 
| 118|0x0000000087600000, 0x0000000087600000, 0x0000000087700000|  0%| F|  |TAMS 0x0000000087600000, 0x0000000087600000| Untracked 
| 119|0x0000000087700000, 0x0000000087700000, 0x0000000087800000|  0%| F|  |TAMS 0x0000000087700000, 0x0000000087700000| Untracked 
| 120|0x0000000087800000, 0x0000000087800000, 0x0000000087900000|  0%| F|  |TAMS 0x0000000087800000, 0x0000000087800000| Untracked 
| 121|0x0000000087900000, 0x0000000087900000, 0x0000000087a00000|  0%| F|  |TAMS 0x0000000087900000, 0x0000000087900000| Untracked 
| 122|0x0000000087a00000, 0x0000000087a00000, 0x0000000087b00000|  0%| F|  |TAMS 0x0000000087a00000, 0x0000000087a00000| Untracked 
| 123|0x0000000087b00000, 0x0000000087b00000, 0x0000000087c00000|  0%| F|  |TAMS 0x0000000087b00000, 0x0000000087b00000| Untracked 
| 124|0x0000000087c00000, 0x0000000087c00000, 0x0000000087d00000|  0%| F|  |TAMS 0x0000000087c00000, 0x0000000087c00000| Untracked 
| 125|0x0000000087d00000, 0x0000000087d00000, 0x0000000087e00000|  0%| F|  |TAMS 0x0000000087d00000, 0x0000000087d00000| Untracked 
| 126|0x0000000087e00000, 0x0000000087e00000, 0x0000000087f00000|  0%| F|  |TAMS 0x0000000087e00000, 0x0000000087e00000| Untracked 
| 127|0x0000000087f00000, 0x0000000087f00000, 0x0000000088000000|  0%| F|  |TAMS 0x0000000087f00000, 0x0000000087f00000| Untracked 
| 128|0x0000000088000000, 0x0000000088000000, 0x0000000088100000|  0%| F|  |TAMS 0x0000000088000000, 0x0000000088000000| Untracked 
| 129|0x0000000088100000, 0x0000000088100000, 0x0000000088200000|  0%| F|  |TAMS 0x0000000088100000, 0x0000000088100000| Untracked 
| 130|0x0000000088200000, 0x0000000088200000, 0x0000000088300000|  0%| F|  |TAMS 0x0000000088200000, 0x0000000088200000| Untracked 
| 131|0x0000000088300000, 0x0000000088300000, 0x0000000088400000|  0%| F|  |TAMS 0x0000000088300000, 0x0000000088300000| Untracked 
| 132|0x0000000088400000, 0x0000000088400000, 0x0000000088500000|  0%| F|  |TAMS 0x0000000088400000, 0x0000000088400000| Untracked 
| 133|0x0000000088500000, 0x0000000088500000, 0x0000000088600000|  0%| F|  |TAMS 0x0000000088500000, 0x0000000088500000| Untracked 
| 134|0x0000000088600000, 0x0000000088600000, 0x0000000088700000|  0%| F|  |TAMS 0x0000000088600000, 0x0000000088600000| Untracked 
| 135|0x0000000088700000, 0x0000000088700000, 0x0000000088800000|  0%| F|  |TAMS 0x0000000088700000, 0x0000000088700000| Untracked 
| 136|0x0000000088800000, 0x0000000088800000, 0x0000000088900000|  0%| F|  |TAMS 0x0000000088800000, 0x0000000088800000| Untracked 
| 137|0x0000000088900000, 0x0000000088900000, 0x0000000088a00000|  0%| F|  |TAMS 0x0000000088900000, 0x0000000088900000| Untracked 
| 138|0x0000000088a00000, 0x0000000088a00000, 0x0000000088b00000|  0%| F|  |TAMS 0x0000000088a00000, 0x0000000088a00000| Untracked 
| 139|0x0000000088b00000, 0x0000000088b00000, 0x0000000088c00000|  0%| F|  |TAMS 0x0000000088b00000, 0x0000000088b00000| Untracked 
| 140|0x0000000088c00000, 0x0000000088c00000, 0x0000000088d00000|  0%| F|  |TAMS 0x0000000088c00000, 0x0000000088c00000| Untracked 
| 141|0x0000000088d00000, 0x0000000088d00000, 0x0000000088e00000|  0%| F|  |TAMS 0x0000000088d00000, 0x0000000088d00000| Untracked 
| 142|0x0000000088e00000, 0x0000000088e00000, 0x0000000088f00000|  0%| F|  |TAMS 0x0000000088e00000, 0x0000000088e00000| Untracked 
| 143|0x0000000088f00000, 0x0000000088f00000, 0x0000000089000000|  0%| F|  |TAMS 0x0000000088f00000, 0x0000000088f00000| Untracked 
| 144|0x0000000089000000, 0x0000000089000000, 0x0000000089100000|  0%| F|  |TAMS 0x0000000089000000, 0x0000000089000000| Untracked 
| 145|0x0000000089100000, 0x0000000089100000, 0x0000000089200000|  0%| F|  |TAMS 0x0000000089100000, 0x0000000089100000| Untracked 
| 146|0x0000000089200000, 0x0000000089200000, 0x0000000089300000|  0%| F|  |TAMS 0x0000000089200000, 0x0000000089200000| Untracked 
| 147|0x0000000089300000, 0x0000000089300000, 0x0000000089400000|  0%| F|  |TAMS 0x0000000089300000, 0x0000000089300000| Untracked 
| 148|0x0000000089400000, 0x0000000089400000, 0x0000000089500000|  0%| F|  |TAMS 0x0000000089400000, 0x0000000089400000| Untracked 
| 149|0x0000000089500000, 0x0000000089500000, 0x0000000089600000|  0%| F|  |TAMS 0x0000000089500000, 0x0000000089500000| Untracked 
| 150|0x0000000089600000, 0x0000000089600000, 0x0000000089700000|  0%| F|  |TAMS 0x0000000089600000, 0x0000000089600000| Untracked 
| 151|0x0000000089700000, 0x0000000089700000, 0x0000000089800000|  0%| F|  |TAMS 0x0000000089700000, 0x0000000089700000| Untracked 
| 152|0x0000000089800000, 0x0000000089800000, 0x0000000089900000|  0%| F|  |TAMS 0x0000000089800000, 0x0000000089800000| Untracked 
| 153|0x0000000089900000, 0x0000000089900000, 0x0000000089a00000|  0%| F|  |TAMS 0x0000000089900000, 0x0000000089900000| Untracked 
| 154|0x0000000089a00000, 0x0000000089a00000, 0x0000000089b00000|  0%| F|  |TAMS 0x0000000089a00000, 0x0000000089a00000| Untracked 
| 155|0x0000000089b00000, 0x0000000089b00000, 0x0000000089c00000|  0%| F|  |TAMS 0x0000000089b00000, 0x0000000089b00000| Untracked 
| 156|0x0000000089c00000, 0x0000000089c00000, 0x0000000089d00000|  0%| F|  |TAMS 0x0000000089c00000, 0x0000000089c00000| Untracked 
| 157|0x0000000089d00000, 0x0000000089d00000, 0x0000000089e00000|  0%| F|  |TAMS 0x0000000089d00000, 0x0000000089d00000| Untracked 
| 158|0x0000000089e00000, 0x0000000089e00000, 0x0000000089f00000|  0%| F|  |TAMS 0x0000000089e00000, 0x0000000089e00000| Untracked 
| 159|0x0000000089f00000, 0x0000000089f00000, 0x000000008a000000|  0%| F|  |TAMS 0x0000000089f00000, 0x0000000089f00000| Untracked 
| 160|0x000000008a000000, 0x000000008a000000, 0x000000008a100000|  0%| F|  |TAMS 0x000000008a000000, 0x000000008a000000| Untracked 
| 161|0x000000008a100000, 0x000000008a100000, 0x000000008a200000|  0%| F|  |TAMS 0x000000008a100000, 0x000000008a100000| Untracked 
| 162|0x000000008a200000, 0x000000008a200000, 0x000000008a300000|  0%| F|  |TAMS 0x000000008a200000, 0x000000008a200000| Untracked 
| 163|0x000000008a300000, 0x000000008a300000, 0x000000008a400000|  0%| F|  |TAMS 0x000000008a300000, 0x000000008a300000| Untracked 
| 164|0x000000008a400000, 0x000000008a400000, 0x000000008a500000|  0%| F|  |TAMS 0x000000008a400000, 0x000000008a400000| Untracked 
| 165|0x000000008a500000, 0x000000008a500000, 0x000000008a600000|  0%| F|  |TAMS 0x000000008a500000, 0x000000008a500000| Untracked 
| 166|0x000000008a600000, 0x000000008a600000, 0x000000008a700000|  0%| F|  |TAMS 0x000000008a600000, 0x000000008a600000| Untracked 
| 167|0x000000008a700000, 0x000000008a700000, 0x000000008a800000|  0%| F|  |TAMS 0x000000008a700000, 0x000000008a700000| Untracked 
| 168|0x000000008a800000, 0x000000008a800000, 0x000000008a900000|  0%| F|  |TAMS 0x000000008a800000, 0x000000008a800000| Untracked 
| 169|0x000000008a900000, 0x000000008a900000, 0x000000008aa00000|  0%| F|  |TAMS 0x000000008a900000, 0x000000008a900000| Untracked 
| 170|0x000000008aa00000, 0x000000008aa00000, 0x000000008ab00000|  0%| F|  |TAMS 0x000000008aa00000, 0x000000008aa00000| Untracked 
| 171|0x000000008ab00000, 0x000000008ab00000, 0x000000008ac00000|  0%| F|  |TAMS 0x000000008ab00000, 0x000000008ab00000| Untracked 
| 172|0x000000008ac00000, 0x000000008ac00000, 0x000000008ad00000|  0%| F|  |TAMS 0x000000008ac00000, 0x000000008ac00000| Untracked 
| 173|0x000000008ad00000, 0x000000008ad00000, 0x000000008ae00000|  0%| F|  |TAMS 0x000000008ad00000, 0x000000008ad00000| Untracked 
| 174|0x000000008ae00000, 0x000000008ae00000, 0x000000008af00000|  0%| F|  |TAMS 0x000000008ae00000, 0x000000008ae00000| Untracked 
| 175|0x000000008af00000, 0x000000008af00000, 0x000000008b000000|  0%| F|  |TAMS 0x000000008af00000, 0x000000008af00000| Untracked 
| 176|0x000000008b000000, 0x000000008b000000, 0x000000008b100000|  0%| F|  |TAMS 0x000000008b000000, 0x000000008b000000| Untracked 
| 177|0x000000008b100000, 0x000000008b100000, 0x000000008b200000|  0%| F|  |TAMS 0x000000008b100000, 0x000000008b100000| Untracked 
| 178|0x000000008b200000, 0x000000008b200000, 0x000000008b300000|  0%| F|  |TAMS 0x000000008b200000, 0x000000008b200000| Untracked 
| 179|0x000000008b300000, 0x000000008b300000, 0x000000008b400000|  0%| F|  |TAMS 0x000000008b300000, 0x000000008b300000| Untracked 
| 180|0x000000008b400000, 0x000000008b400000, 0x000000008b500000|  0%| F|  |TAMS 0x000000008b400000, 0x000000008b400000| Untracked 
| 181|0x000000008b500000, 0x000000008b600000, 0x000000008b600000|100%| E|  |TAMS 0x000000008b500000, 0x000000008b500000| Complete 
| 182|0x000000008b600000, 0x000000008b700000, 0x000000008b700000|100%| E|CS|TAMS 0x000000008b600000, 0x000000008b600000| Complete 
| 183|0x000000008b700000, 0x000000008b800000, 0x000000008b800000|100%| E|CS|TAMS 0x000000008b700000, 0x000000008b700000| Complete 
| 184|0x000000008b800000, 0x000000008b900000, 0x000000008b900000|100%| E|CS|TAMS 0x000000008b800000, 0x000000008b800000| Complete 
| 185|0x000000008b900000, 0x000000008ba00000, 0x000000008ba00000|100%| E|CS|TAMS 0x000000008b900000, 0x000000008b900000| Complete 
| 186|0x000000008ba00000, 0x000000008bb00000, 0x000000008bb00000|100%| E|CS|TAMS 0x000000008ba00000, 0x000000008ba00000| Complete 
| 187|0x000000008bb00000, 0x000000008bc00000, 0x000000008bc00000|100%| E|CS|TAMS 0x000000008bb00000, 0x000000008bb00000| Complete 
| 188|0x000000008bc00000, 0x000000008bd00000, 0x000000008bd00000|100%| E|CS|TAMS 0x000000008bc00000, 0x000000008bc00000| Complete 
| 189|0x000000008bd00000, 0x000000008be00000, 0x000000008be00000|100%| E|CS|TAMS 0x000000008bd00000, 0x000000008bd00000| Complete 
| 190|0x000000008be00000, 0x000000008bf00000, 0x000000008bf00000|100%| E|CS|TAMS 0x000000008be00000, 0x000000008be00000| Complete 
| 191|0x000000008bf00000, 0x000000008c000000, 0x000000008c000000|100%| E|CS|TAMS 0x000000008bf00000, 0x000000008bf00000| Complete 
| 192|0x000000008c000000, 0x000000008c100000, 0x000000008c100000|100%| E|CS|TAMS 0x000000008c000000, 0x000000008c000000| Complete 
| 193|0x000000008c100000, 0x000000008c200000, 0x000000008c200000|100%| E|CS|TAMS 0x000000008c100000, 0x000000008c100000| Complete 
| 194|0x000000008c200000, 0x000000008c300000, 0x000000008c300000|100%| E|CS|TAMS 0x000000008c200000, 0x000000008c200000| Complete 
| 195|0x000000008c300000, 0x000000008c400000, 0x000000008c400000|100%| E|CS|TAMS 0x000000008c300000, 0x000000008c300000| Complete 
| 196|0x000000008c400000, 0x000000008c500000, 0x000000008c500000|100%| E|CS|TAMS 0x000000008c400000, 0x000000008c400000| Complete 
| 197|0x000000008c500000, 0x000000008c600000, 0x000000008c600000|100%| E|CS|TAMS 0x000000008c500000, 0x000000008c500000| Complete 
| 198|0x000000008c600000, 0x000000008c700000, 0x000000008c700000|100%| E|CS|TAMS 0x000000008c600000, 0x000000008c600000| Complete 
| 199|0x000000008c700000, 0x000000008c800000, 0x000000008c800000|100%| E|CS|TAMS 0x000000008c700000, 0x000000008c700000| Complete 
| 200|0x000000008c800000, 0x000000008c900000, 0x000000008c900000|100%| E|CS|TAMS 0x000000008c800000, 0x000000008c800000| Complete 
| 201|0x000000008c900000, 0x000000008ca00000, 0x000000008ca00000|100%| E|CS|TAMS 0x000000008c900000, 0x000000008c900000| Complete 
| 202|0x000000008ca00000, 0x000000008cb00000, 0x000000008cb00000|100%| E|CS|TAMS 0x000000008ca00000, 0x000000008ca00000| Complete 
| 203|0x000000008cb00000, 0x000000008cc00000, 0x000000008cc00000|100%| E|CS|TAMS 0x000000008cb00000, 0x000000008cb00000| Complete 
| 204|0x000000008cc00000, 0x000000008cd00000, 0x000000008cd00000|100%| E|CS|TAMS 0x000000008cc00000, 0x000000008cc00000| Complete 
| 205|0x000000008cd00000, 0x000000008ce00000, 0x000000008ce00000|100%| E|CS|TAMS 0x000000008cd00000, 0x000000008cd00000| Complete 
| 206|0x000000008ce00000, 0x000000008cf00000, 0x000000008cf00000|100%| E|CS|TAMS 0x000000008ce00000, 0x000000008ce00000| Complete 
| 207|0x000000008cf00000, 0x000000008d000000, 0x000000008d000000|100%| E|CS|TAMS 0x000000008cf00000, 0x000000008cf00000| Complete 
| 208|0x000000008d000000, 0x000000008d046050, 0x000000008d100000| 27%| S|CS|TAMS 0x000000008d000000, 0x000000008d000000| Complete 
| 209|0x000000008d100000, 0x000000008d200000, 0x000000008d200000|100%| S|CS|TAMS 0x000000008d100000, 0x000000008d100000| Complete 
| 210|0x000000008d200000, 0x000000008d300000, 0x000000008d300000|100%| S|CS|TAMS 0x000000008d200000, 0x000000008d200000| Complete 
| 211|0x000000008d300000, 0x000000008d400000, 0x000000008d400000|100%| S|CS|TAMS 0x000000008d300000, 0x000000008d300000| Complete 
| 212|0x000000008d400000, 0x000000008d500000, 0x000000008d500000|100%| S|CS|TAMS 0x000000008d400000, 0x000000008d400000| Complete 
| 213|0x000000008d500000, 0x000000008d600000, 0x000000008d600000|100%| S|CS|TAMS 0x000000008d500000, 0x000000008d500000| Complete 
| 214|0x000000008d600000, 0x000000008d700000, 0x000000008d700000|100%| E|CS|TAMS 0x000000008d600000, 0x000000008d600000| Complete 
| 215|0x000000008d700000, 0x000000008d800000, 0x000000008d800000|100%| E|CS|TAMS 0x000000008d700000, 0x000000008d700000| Complete 
| 216|0x000000008d800000, 0x000000008d900000, 0x000000008d900000|100%| E|CS|TAMS 0x000000008d800000, 0x000000008d800000| Complete 
| 217|0x000000008d900000, 0x000000008da00000, 0x000000008da00000|100%| E|CS|TAMS 0x000000008d900000, 0x000000008d900000| Complete 
| 218|0x000000008da00000, 0x000000008db00000, 0x000000008db00000|100%| E|CS|TAMS 0x000000008da00000, 0x000000008da00000| Complete 
| 219|0x000000008db00000, 0x000000008dc00000, 0x000000008dc00000|100%| E|CS|TAMS 0x000000008db00000, 0x000000008db00000| Complete 
| 220|0x000000008dc00000, 0x000000008dd00000, 0x000000008dd00000|100%| E|CS|TAMS 0x000000008dc00000, 0x000000008dc00000| Complete 
| 221|0x000000008dd00000, 0x000000008de00000, 0x000000008de00000|100%| E|CS|TAMS 0x000000008dd00000, 0x000000008dd00000| Complete 
| 222|0x000000008de00000, 0x000000008df00000, 0x000000008df00000|100%| E|CS|TAMS 0x000000008de00000, 0x000000008de00000| Complete 
| 223|0x000000008df00000, 0x000000008e000000, 0x000000008e000000|100%| E|CS|TAMS 0x000000008df00000, 0x000000008df00000| Complete 
| 224|0x000000008e000000, 0x000000008e100000, 0x000000008e100000|100%| E|CS|TAMS 0x000000008e000000, 0x000000008e000000| Complete 
| 225|0x000000008e100000, 0x000000008e200000, 0x000000008e200000|100%| E|CS|TAMS 0x000000008e100000, 0x000000008e100000| Complete 
| 226|0x000000008e200000, 0x000000008e300000, 0x000000008e300000|100%| E|CS|TAMS 0x000000008e200000, 0x000000008e200000| Complete 
| 227|0x000000008e300000, 0x000000008e400000, 0x000000008e400000|100%| E|CS|TAMS 0x000000008e300000, 0x000000008e300000| Complete 
| 228|0x000000008e400000, 0x000000008e500000, 0x000000008e500000|100%| E|CS|TAMS 0x000000008e400000, 0x000000008e400000| Complete 
| 229|0x000000008e500000, 0x000000008e600000, 0x000000008e600000|100%| E|CS|TAMS 0x000000008e500000, 0x000000008e500000| Complete 
| 230|0x000000008e600000, 0x000000008e700000, 0x000000008e700000|100%| E|CS|TAMS 0x000000008e600000, 0x000000008e600000| Complete 
| 231|0x000000008e700000, 0x000000008e800000, 0x000000008e800000|100%| E|CS|TAMS 0x000000008e700000, 0x000000008e700000| Complete 
| 232|0x000000008e800000, 0x000000008e900000, 0x000000008e900000|100%| E|CS|TAMS 0x000000008e800000, 0x000000008e800000| Complete 
| 233|0x000000008e900000, 0x000000008ea00000, 0x000000008ea00000|100%| E|CS|TAMS 0x000000008e900000, 0x000000008e900000| Complete 
| 234|0x000000008ea00000, 0x000000008eb00000, 0x000000008eb00000|100%| E|CS|TAMS 0x000000008ea00000, 0x000000008ea00000| Complete 
| 235|0x000000008eb00000, 0x000000008ec00000, 0x000000008ec00000|100%| E|CS|TAMS 0x000000008eb00000, 0x000000008eb00000| Complete 
| 236|0x000000008ec00000, 0x000000008ed00000, 0x000000008ed00000|100%| E|CS|TAMS 0x000000008ec00000, 0x000000008ec00000| Complete 
| 237|0x000000008ed00000, 0x000000008ee00000, 0x000000008ee00000|100%| E|CS|TAMS 0x000000008ed00000, 0x000000008ed00000| Complete 
| 238|0x000000008ee00000, 0x000000008ef00000, 0x000000008ef00000|100%| E|CS|TAMS 0x000000008ee00000, 0x000000008ee00000| Complete 
| 239|0x000000008ef00000, 0x000000008f000000, 0x000000008f000000|100%| E|CS|TAMS 0x000000008ef00000, 0x000000008ef00000| Complete 
| 240|0x000000008f000000, 0x000000008f100000, 0x000000008f100000|100%| E|CS|TAMS 0x000000008f000000, 0x000000008f000000| Complete 
| 241|0x000000008f100000, 0x000000008f200000, 0x000000008f200000|100%| E|CS|TAMS 0x000000008f100000, 0x000000008f100000| Complete 
| 242|0x000000008f200000, 0x000000008f300000, 0x000000008f300000|100%| E|CS|TAMS 0x000000008f200000, 0x000000008f200000| Complete 
| 243|0x000000008f300000, 0x000000008f400000, 0x000000008f400000|100%| E|CS|TAMS 0x000000008f300000, 0x000000008f300000| Complete 
| 244|0x000000008f400000, 0x000000008f500000, 0x000000008f500000|100%| E|CS|TAMS 0x000000008f400000, 0x000000008f400000| Complete 
| 245|0x000000008f500000, 0x000000008f600000, 0x000000008f600000|100%| E|CS|TAMS 0x000000008f500000, 0x000000008f500000| Complete 
| 246|0x000000008f600000, 0x000000008f700000, 0x000000008f700000|100%| E|CS|TAMS 0x000000008f600000, 0x000000008f600000| Complete 
| 247|0x000000008f700000, 0x000000008f800000, 0x000000008f800000|100%| E|CS|TAMS 0x000000008f700000, 0x000000008f700000| Complete 
| 248|0x000000008f800000, 0x000000008f900000, 0x000000008f900000|100%| E|CS|TAMS 0x000000008f800000, 0x000000008f800000| Complete 
| 249|0x000000008f900000, 0x000000008fa00000, 0x000000008fa00000|100%| E|CS|TAMS 0x000000008f900000, 0x000000008f900000| Complete 
| 250|0x000000008fa00000, 0x000000008fb00000, 0x000000008fb00000|100%| E|CS|TAMS 0x000000008fa00000, 0x000000008fa00000| Complete 
| 251|0x000000008fb00000, 0x000000008fc00000, 0x000000008fc00000|100%| E|CS|TAMS 0x000000008fb00000, 0x000000008fb00000| Complete 

Card table byte_map: [0x000002b5c6540000,0x000002b5c6940000] _byte_map_base: 0x000002b5c6140000

Marking Bits (Prev, Next): (CMBitMap*) 0x000002b5b33303b8, (CMBitMap*) 0x000002b5b33303f0
 Prev Bits: [0x000002b5c6d40000, 0x000002b5c8d40000)
 Next Bits: [0x000002b5c8d40000, 0x000002b5cad40000)

Polling page: 0x000002b5b12b0000

Metaspace:

Usage:
  Non-class:     35.04 MB capacity,    34.46 MB ( 98%) used,   498.52 KB (  1%) free+waste,    98.06 KB ( <1%) overhead. 
      Class:      5.32 MB capacity,     4.94 MB ( 93%) used,   333.20 KB (  6%) free+waste,    47.00 KB ( <1%) overhead. 
       Both:     40.36 MB capacity,    39.41 MB ( 98%) used,   831.72 KB (  2%) free+waste,   145.06 KB ( <1%) overhead. 

Virtual space:
  Non-class space:       36.00 MB reserved,      35.08 MB ( 97%) committed 
      Class space:      504.00 MB reserved,       5.38 MB (  1%) committed 
             Both:      540.00 MB reserved,      40.45 MB (  7%) committed 

Chunk freelists:
   Non-Class:  34.00 KB
       Class:  0 bytes
        Both:  34.00 KB

MaxMetaspaceSize: 512.00 MB
CompressedClassSpaceSize: 504.00 MB
Initial GC threshold: 20.80 MB
Current GC threshold: 58.88 MB
CDS: off

CodeHeap 'non-profiled nmethods': size=120000Kb used=2006Kb max_used=2006Kb free=117993Kb
 bounds [0x000002b5be8e0000, 0x000002b5beb50000, 0x000002b5c5e10000]
CodeHeap 'profiled nmethods': size=120000Kb used=8156Kb max_used=8156Kb free=111844Kb
 bounds [0x000002b5b73b0000, 0x000002b5b7bb0000, 0x000002b5be8e0000]
CodeHeap 'non-nmethods': size=5760Kb used=2285Kb max_used=2322Kb free=3474Kb
 bounds [0x000002b5b6e10000, 0x000002b5b7080000, 0x000002b5b73b0000]
 total_blobs=4611 nmethods=3844 adapters=679
 compilation: enabled
              stopped_count=0, restarted_count=0
 full_count=0

Compilation events (20 events):
Event: 94.477 Thread 0x000002b5ce061800 nmethod 3819 0x000002b5b7b82690 code [0x000002b5b7b82840, 0x000002b5b7b82918]
Event: 94.533 Thread 0x000002b5ce061800 3820       3       java.util.Spliterators$ArraySpliterator::forEachRemaining (68 bytes)
Event: 94.534 Thread 0x000002b5ce061800 nmethod 3820 0x000002b5b7b82990 code [0x000002b5b7b82b80, 0x000002b5b7b82ff8]
Event: 94.534 Thread 0x000002b5ce061800 3821       3       org.codehaus.groovy.reflection.CachedClass::getMethods (11 bytes)
Event: 94.534 Thread 0x000002b5ce060800 3822       4       org.codehaus.groovy.runtime.metaclass.MetaMethodIndex::addMethodToList (131 bytes)
Event: 94.535 Thread 0x000002b5ce061800 nmethod 3821 0x000002b5b7b83190 code [0x000002b5b7b83360, 0x000002b5b7b83608]
Event: 94.541 Thread 0x000002b5ce061800 3823       3       org.codehaus.groovy.reflection.CachedClass::isAssignableFrom (21 bytes)
Event: 94.542 Thread 0x000002b5ce061800 nmethod 3823 0x000002b5b7b83710 code [0x000002b5b7b838e0, 0x000002b5b7b83b68]
Event: 94.544 Thread 0x000002b5ce061800 3827       1       java.lang.Thread::getThreadGroup (5 bytes)
Event: 94.544 Thread 0x000002b5ce061800 nmethod 3827 0x000002b5bead3910 code [0x000002b5bead3ac0, 0x000002b5bead3b78]
Event: 94.547 Thread 0x000002b5ce061800 3829       3       java.lang.reflect.Method::getGenericExceptionTypes (5 bytes)
Event: 94.549 Thread 0x000002b5ce061800 nmethod 3829 0x000002b5b7b83c90 code [0x000002b5b7b83f60, 0x000002b5b7b85018]
Event: 94.549 Thread 0x000002b5ce061800 3830       3       java.beans.Introspector::addPropertyDescriptor (265 bytes)
Event: 94.555 Thread 0x000002b5ce061800 nmethod 3830 0x000002b5b7b85590 code [0x000002b5b7b85c20, 0x000002b5b7b8a4d8]
Event: 94.555 Thread 0x000002b5ce061800 3831       3       java.util.Hashtable$Enumerator::nextElement (111 bytes)
Event: 94.556 Thread 0x000002b5ce061800 nmethod 3831 0x000002b5b7b8b790 code [0x000002b5b7b8b980, 0x000002b5b7b8be68]
Event: 94.556 Thread 0x000002b5ce061800 3832       3       java.lang.Class::getDeclaringClass (31 bytes)
Event: 94.556 Thread 0x000002b5ce061800 nmethod 3832 0x000002b5b7b8c010 code [0x000002b5b7b8c200, 0x000002b5b7b8c568]
Event: 94.559 Thread 0x000002b5ce061800 3833       3       java.lang.String::indexOf (113 bytes)
Event: 94.560 Thread 0x000002b5ce061800 nmethod 3833 0x000002b5b7b8c710 code [0x000002b5b7b8c9a0, 0x000002b5b7b8d3c8]

GC Heap History (10 events):
Event: 3.987 GC heap before
{Heap before GC invocations=0 (full 0):
 garbage-first heap   total 258048K, used 29696K [0x0000000080000000, 0x0000000100000000)
  region size 1024K, 24 young (24576K), 0 survivors (0K)
 Metaspace       used 9725K, capacity 9968K, committed 10112K, reserved 526336K
  class space    used 987K, capacity 1069K, committed 1152K, reserved 516096K
}
Event: 6.414 GC heap after
{Heap after GC invocations=1 (full 0):
 garbage-first heap   total 258048K, used 9362K [0x0000000080000000, 0x0000000100000000)
  region size 1024K, 3 young (3072K), 3 survivors (3072K)
 Metaspace       used 9725K, capacity 9968K, committed 10112K, reserved 526336K
  class space    used 987K, capacity 1069K, committed 1152K, reserved 516096K
}
Event: 51.797 GC heap before
{Heap before GC invocations=1 (full 0):
 garbage-first heap   total 258048K, used 102546K [0x0000000080000000, 0x0000000100000000)
  region size 1024K, 94 young (96256K), 3 survivors (3072K)
 Metaspace       used 20704K, capacity 21173K, committed 21296K, reserved 536576K
  class space    used 2478K, capacity 2659K, committed 2688K, reserved 516096K
}
Event: 51.893 GC heap after
{Heap after GC invocations=2 (full 0):
 garbage-first heap   total 258048K, used 17388K [0x0000000080000000, 0x0000000100000000)
  region size 1024K, 11 young (11264K), 11 survivors (11264K)
 Metaspace       used 20704K, capacity 21173K, committed 21296K, reserved 536576K
  class space    used 2478K, capacity 2659K, committed 2688K, reserved 516096K
}
Event: 54.186 GC heap before
{Heap before GC invocations=3 (full 0):
 garbage-first heap   total 258048K, used 29676K [0x0000000080000000, 0x0000000100000000)
  region size 1024K, 23 young (23552K), 11 survivors (11264K)
 Metaspace       used 22145K, capacity 22701K, committed 22832K, reserved 536576K
  class space    used 2724K, capacity 2935K, committed 2944K, reserved 516096K
}
Event: 54.193 GC heap after
{Heap after GC invocations=4 (full 0):
 garbage-first heap   total 258048K, used 17808K [0x0000000080000000, 0x0000000100000000)
  region size 1024K, 1 young (1024K), 1 survivors (1024K)
 Metaspace       used 22145K, capacity 22701K, committed 22832K, reserved 536576K
  class space    used 2724K, capacity 2935K, committed 2944K, reserved 516096K
}
Event: 66.897 GC heap before
{Heap before GC invocations=4 (full 0):
 garbage-first heap   total 258048K, used 83344K [0x0000000080000000, 0x0000000100000000)
  region size 1024K, 65 young (66560K), 1 survivors (1024K)
 Metaspace       used 28777K, capacity 29435K, committed 29616K, reserved 542720K
  class space    used 3752K, capacity 4017K, committed 4096K, reserved 516096K
}
Event: 66.913 GC heap after
{Heap after GC invocations=5 (full 0):
 garbage-first heap   total 258048K, used 19870K [0x0000000080000000, 0x0000000100000000)
  region size 1024K, 3 young (3072K), 3 survivors (3072K)
 Metaspace       used 28777K, capacity 29435K, committed 29616K, reserved 542720K
  class space    used 3752K, capacity 4017K, committed 4096K, reserved 516096K
}
Event: 72.386 GC heap before
{Heap before GC invocations=5 (full 0):
 garbage-first heap   total 258048K, used 57758K [0x0000000080000000, 0x0000000100000000)
  region size 1024K, 41 young (41984K), 3 survivors (3072K)
 Metaspace       used 35031K, capacity 35811K, committed 35920K, reserved 548864K
  class space    used 4490K, capacity 4823K, committed 4864K, reserved 516096K
}
Event: 72.397 GC heap after
{Heap after GC invocations=6 (full 0):
 garbage-first heap   total 258048K, used 22409K [0x0000000080000000, 0x0000000100000000)
  region size 1024K, 6 young (6144K), 6 survivors (6144K)
 Metaspace       used 35031K, capacity 35811K, committed 35920K, reserved 548864K
  class space    used 4490K, capacity 4823K, committed 4864K, reserved 516096K
}

Deoptimization events (20 events):
Event: 90.056 Thread 0x000002b5cf2e0800 Uncommon trap: trap_request=0xffffffbe fr.pc=0x000002b5beabb230 relative=0x0000000000000850
Event: 90.056 Thread 0x000002b5cf2e0800 Uncommon trap: reason=profile_predicate action=maybe_recompile pc=0x000002b5beabb230 method=java.lang.PublicMethods$MethodList.filter([Ljava/lang/reflect/Method;Ljava/lang/String;[Ljava/lang/Class;Z)Ljava/lang/PublicMethods$MethodList; @ 21 c2
Event: 90.056 Thread 0x000002b5cf2e0800 DEOPT PACKING pc=0x000002b5beabb230 sp=0x000000b9e6bf8fb0
Event: 90.056 Thread 0x000002b5cf2e0800 DEOPT UNPACKING pc=0x000002b5b6e185af sp=0x000000b9e6bf8f68 mode 2
Event: 90.056 Thread 0x000002b5cf2e0800 Uncommon trap: trap_request=0xffffffbe fr.pc=0x000002b5beabb230 relative=0x0000000000000850
Event: 90.056 Thread 0x000002b5cf2e0800 Uncommon trap: reason=profile_predicate action=maybe_recompile pc=0x000002b5beabb230 method=java.lang.PublicMethods$MethodList.filter([Ljava/lang/reflect/Method;Ljava/lang/String;[Ljava/lang/Class;Z)Ljava/lang/PublicMethods$MethodList; @ 21 c2
Event: 90.056 Thread 0x000002b5cf2e0800 DEOPT PACKING pc=0x000002b5beabb230 sp=0x000000b9e6bf8f90
Event: 90.056 Thread 0x000002b5cf2e0800 DEOPT UNPACKING pc=0x000002b5b6e185af sp=0x000000b9e6bf8f48 mode 2
Event: 90.372 Thread 0x000002b5cf2e0800 Uncommon trap: trap_request=0xffffffde fr.pc=0x000002b5bea78f24 relative=0x0000000000000424
Event: 90.372 Thread 0x000002b5cf2e0800 Uncommon trap: reason=class_check action=maybe_recompile pc=0x000002b5bea78f24 method=java.util.regex.Pattern$Start.match(Ljava/util/regex/Matcher;ILjava/lang/CharSequence;)Z @ 44 c2
Event: 90.372 Thread 0x000002b5cf2e0800 DEOPT PACKING pc=0x000002b5bea78f24 sp=0x000000b9e6bf7fe0
Event: 90.372 Thread 0x000002b5cf2e0800 DEOPT UNPACKING pc=0x000002b5b6e185af sp=0x000000b9e6bf7f10 mode 2
Event: 94.351 Thread 0x000002b5cf2c8800 Uncommon trap: trap_request=0xffffffc6 fr.pc=0x000002b5beab7d00 relative=0x00000000000007e0
Event: 94.352 Thread 0x000002b5cf2c8800 Uncommon trap: reason=bimorphic_or_optimized_type_check action=maybe_recompile pc=0x000002b5beab7d00 method=java.io.BufferedInputStream.read([BII)I @ 101 c2
Event: 94.352 Thread 0x000002b5cf2c8800 DEOPT PACKING pc=0x000002b5beab7d00 sp=0x000000b9e6ffe6c0
Event: 94.352 Thread 0x000002b5cf2c8800 DEOPT UNPACKING pc=0x000002b5b6e185af sp=0x000000b9e6ffe678 mode 2
Event: 94.376 Thread 0x000002b5cf2ca000 Uncommon trap: trap_request=0xffffffc6 fr.pc=0x000002b5beab7d00 relative=0x00000000000007e0
Event: 94.378 Thread 0x000002b5cf2ca000 Uncommon trap: reason=bimorphic_or_optimized_type_check action=maybe_recompile pc=0x000002b5beab7d00 method=java.io.BufferedInputStream.read([BII)I @ 101 c2
Event: 94.378 Thread 0x000002b5cf2ca000 DEOPT PACKING pc=0x000002b5beab7d00 sp=0x000000b9e72fe470
Event: 94.378 Thread 0x000002b5cf2ca000 DEOPT UNPACKING pc=0x000002b5b6e185af sp=0x000000b9e72fe428 mode 2

Classes redefined (0 events):
No events

Internal exceptions (20 events):
Event: 90.045 Thread 0x000002b5cf2e0800 Exception <a 'java/lang/ClassNotFoundException'{0x000000008ccdf6f8}: settings_7c2gxuvl2op4igriac78y3sumCustomizer> (0x000000008ccdf6f8) thrown at [src/hotspot/share/classfile/systemDictionary.cpp, line 230]
Event: 90.071 Thread 0x000002b5cf2e0800 Exception <a 'java/lang/ClassNotFoundException'{0x000000008cbebeb8}: org/gradle/initialization/DefaultSettings_DecoratedBeanInfo> (0x000000008cbebeb8) thrown at [src/hotspot/share/classfile/systemDictionary.cpp, line 230]
Event: 90.072 Thread 0x000002b5cf2e0800 Exception <a 'java/lang/ClassNotFoundException'{0x000000008ca0dec0}: org/gradle/initialization/DefaultSettingsBeanInfo> (0x000000008ca0dec0) thrown at [src/hotspot/share/classfile/systemDictionary.cpp, line 230]
Event: 90.073 Thread 0x000002b5cf2e0800 Exception <a 'java/lang/ClassNotFoundException'{0x000000008ca34008}: org/gradle/api/internal/project/AbstractPluginAwareBeanInfo> (0x000000008ca34008) thrown at [src/hotspot/share/classfile/systemDictionary.cpp, line 230]
Event: 90.074 Thread 0x000002b5cf2e0800 Exception <a 'java/lang/ClassNotFoundException'{0x000000008ca59dd8}: org/gradle/api/internal/project/AbstractPluginAwareCustomizer> (0x000000008ca59dd8) thrown at [src/hotspot/share/classfile/systemDictionary.cpp, line 230]
Event: 90.076 Thread 0x000002b5cf2e0800 Exception <a 'java/lang/ClassNotFoundException'{0x000000008ca831d8}: org/gradle/initialization/DefaultSettingsCustomizer> (0x000000008ca831d8) thrown at [src/hotspot/share/classfile/systemDictionary.cpp, line 230]
Event: 90.080 Thread 0x000002b5cf2e0800 Exception <a 'java/lang/ClassNotFoundException'{0x000000008cad63b8}: org/gradle/initialization/DefaultSettings_DecoratedCustomizer> (0x000000008cad63b8) thrown at [src/hotspot/share/classfile/systemDictionary.cpp, line 230]
Event: 90.115 Thread 0x000002b5cf2e0800 Exception <a 'java/lang/ClassNotFoundException'{0x000000008c98dcb8}: org/gradle/initialization/DefaultProjectDescriptorBeanInfo> (0x000000008c98dcb8) thrown at [src/hotspot/share/classfile/systemDictionary.cpp, line 230]
Event: 90.116 Thread 0x000002b5cf2e0800 Exception <a 'java/lang/ClassNotFoundException'{0x000000008c9b2da8}: org/gradle/initialization/DefaultProjectDescriptorCustomizer> (0x000000008c9b2da8) thrown at [src/hotspot/share/classfile/systemDictionary.cpp, line 230]
Event: 90.370 Thread 0x000002b5cf2e0800 Exception <a 'java/lang/ClassNotFoundException'{0x000000008c6995c0}: org/gradle/api/internal/plugins/DefaultObjectConfigurationActionBeanInfo> (0x000000008c6995c0) thrown at [src/hotspot/share/classfile/systemDictionary.cpp, line 230]
Event: 90.371 Thread 0x000002b5cf2e0800 Exception <a 'java/lang/ClassNotFoundException'{0x000000008c6c1be0}: org/gradle/api/internal/plugins/DefaultObjectConfigurationActionCustomizer> (0x000000008c6c1be0) thrown at [src/hotspot/share/classfile/systemDictionary.cpp, line 230]
Event: 94.444 Thread 0x000002b5cf2e0800 Exception <a 'java/lang/ClassNotFoundException'{0x000000008bf0d488}: native_modules_5v8kl1h9aq1hbf6zgh3l35dv4BeanInfo> (0x000000008bf0d488) thrown at [src/hotspot/share/classfile/systemDictionary.cpp, line 230]
Event: 94.444 Thread 0x000002b5cf2e0800 Exception <a 'java/lang/ClassNotFoundException'{0x000000008bf13718}: native_modules_5v8kl1h9aq1hbf6zgh3l35dv4Customizer> (0x000000008bf13718) thrown at [src/hotspot/share/classfile/systemDictionary.cpp, line 230]
Event: 94.457 Thread 0x000002b5cf2e0800 Exception <a 'java/lang/ClassNotFoundException'{0x000000008bf71d70}: groovy/lang/ReferenceBeanInfo> (0x000000008bf71d70) thrown at [src/hotspot/share/classfile/systemDictionary.cpp, line 230]
Event: 94.458 Thread 0x000002b5cf2e0800 Exception <a 'java/lang/ClassNotFoundException'{0x000000008bfb7bc0}: groovy/lang/ReferenceCustomizer> (0x000000008bfb7bc0) thrown at [src/hotspot/share/classfile/systemDictionary.cpp, line 230]
Event: 94.544 Thread 0x000002b5cf2e0800 Exception <a 'java/lang/ClassNotFoundException'{0x000000008be7c090}: groovy/lang/GString$1BeanInfo> (0x000000008be7c090) thrown at [src/hotspot/share/classfile/systemDictionary.cpp, line 230]
Event: 94.545 Thread 0x000002b5cf2e0800 Exception <a 'java/lang/ClassNotFoundException'{0x000000008beaf200}: groovy/lang/GStringBeanInfo> (0x000000008beaf200) thrown at [src/hotspot/share/classfile/systemDictionary.cpp, line 230]
Event: 94.546 Thread 0x000002b5cf2e0800 Exception <a 'java/lang/ClassNotFoundException'{0x000000008bee2218}: groovy/lang/GStringCustomizer> (0x000000008bee2218) thrown at [src/hotspot/share/classfile/systemDictionary.cpp, line 230]
Event: 94.549 Thread 0x000002b5cf2e0800 Exception <a 'java/lang/ClassNotFoundException'{0x000000008bd1f6e8}: groovy/lang/GString$1Customizer> (0x000000008bd1f6e8) thrown at [src/hotspot/share/classfile/systemDictionary.cpp, line 230]
Event: 94.567 Thread 0x000002b5cf2e0800 Exception <a 'java/lang/ClassNotFoundException'{0x000000008bad52d0}: org/codehaus/groovy/runtime/GStringImplBeanInfo> (0x000000008bad52d0) thrown at [src/hotspot/share/classfile/systemDictionary.cpp, line 230]

Events (20 events):
Event: 94.549 loading class com/sun/beans/finder/MethodFinder
Event: 94.549 loading class com/sun/beans/finder/AbstractFinder
Event: 94.549 loading class com/sun/beans/finder/AbstractFinder done
Event: 94.549 loading class com/sun/beans/finder/MethodFinder done
Event: 94.549 loading class com/sun/beans/finder/MethodFinder$1
Event: 94.549 loading class com/sun/beans/finder/MethodFinder$1 done
Event: 94.550 loading class com/sun/beans/finder/FinderUtils
Event: 94.550 loading class com/sun/beans/finder/FinderUtils done
Event: 94.552 loading class groovy/runtime/metaclass/org/codehaus/groovy/runtime/GStringImplMetaClass
Event: 94.552 loading class groovy/runtime/metaclass/org/codehaus/groovy/runtime/GStringImplMetaClass done
Event: 94.556 loading class org/codehaus/groovy/runtime/GStringImplBeanInfo
Event: 94.556 loading class org/codehaus/groovy/runtime/GStringImplBeanInfo done
Event: 94.560 loading class org/codehaus/groovy/runtime/GStringImplBeanInfo
Event: 94.560 loading class org/codehaus/groovy/runtime/GStringImplBeanInfo done
Event: 94.560 loading class org/codehaus/groovy/runtime/GStringImplBeanInfo
Event: 94.560 loading class org/codehaus/groovy/runtime/GStringImplBeanInfo done
Event: 94.567 loading class org/codehaus/groovy/runtime/GStringImplBeanInfo
Event: 94.567 loading class org/codehaus/groovy/runtime/GStringImplBeanInfo done
Event: 94.567 loading class org/codehaus/groovy/runtime/GStringImplCustomizer
Event: 94.567 loading class org/codehaus/groovy/runtime/GStringImplCustomizer done


Dynamic libraries:
0x00007ff626260000 - 0x00007ff62626a000 	C:\Program Files\Android\Android Studio\jbr\bin\java.exe
0x00007ffa063d0000 - 0x00007ffa065c8000 	C:\Windows\SYSTEM32\ntdll.dll
0x00007ffa05d40000 - 0x00007ffa05dff000 	C:\Windows\System32\KERNEL32.DLL
0x00007ffa04100000 - 0x00007ffa043f6000 	C:\Windows\System32\KERNELBASE.dll
0x00007ffa03f50000 - 0x00007ffa04050000 	C:\Windows\System32\ucrtbase.dll
0x00007ff9ff500000 - 0x00007ff9ff517000 	C:\Program Files\Android\Android Studio\jbr\bin\jli.dll
0x00007ffa04830000 - 0x00007ffa049cd000 	C:\Windows\System32\USER32.dll
0x00007ffa04400000 - 0x00007ffa04422000 	C:\Windows\System32\win32u.dll
0x00007ffa04e90000 - 0x00007ffa04ebc000 	C:\Windows\System32\GDI32.dll
0x00007ffa03d50000 - 0x00007ffa03e65000 	C:\Windows\System32\gdi32full.dll
0x00007ffa03b50000 - 0x00007ffa03bed000 	C:\Windows\System32\msvcp_win.dll
0x00007ff9ff4e0000 - 0x00007ff9ff4fb000 	C:\Program Files\Android\Android Studio\jbr\bin\VCRUNTIME140.dll
0x00007ff9eccb0000 - 0x00007ff9ecf4a000 	C:\Windows\WinSxS\amd64_microsoft.windows.common-controls_6595b64144ccf1df_6.0.19041.1110_none_60b5254171f9507e\COMCTL32.dll
0x00007ffa06250000 - 0x00007ffa062ee000 	C:\Windows\System32\msvcrt.dll
0x00007ffa049d0000 - 0x00007ffa04a00000 	C:\Windows\System32\IMM32.DLL
0x00007ff9ff4d0000 - 0x00007ff9ff4dc000 	C:\Program Files\Android\Android Studio\jbr\bin\vcruntime140_1.dll
0x00007ff9b0230000 - 0x00007ff9b02bd000 	C:\Program Files\Android\Android Studio\jbr\bin\msvcp140.dll
0x00007ff9a5890000 - 0x00007ff9a644c000 	C:\Program Files\Android\Android Studio\jbr\bin\server\jvm.dll
0x00007ffa04780000 - 0x00007ffa0482f000 	C:\Windows\System32\ADVAPI32.dll
0x00007ffa062f0000 - 0x00007ffa0638c000 	C:\Windows\System32\sechost.dll
0x00007ffa045e0000 - 0x00007ffa04706000 	C:\Windows\System32\RPCRT4.dll
0x00007ffa05cb0000 - 0x00007ffa05cb8000 	C:\Windows\System32\PSAPI.DLL
0x00007ff9ff4c0000 - 0x00007ff9ff4c9000 	C:\Windows\SYSTEM32\WSOCK32.dll
0x00007ffa06100000 - 0x00007ffa0616b000 	C:\Windows\System32\WS2_32.dll
0x00007ff9e98c0000 - 0x00007ff9e98e7000 	C:\Windows\SYSTEM32\WINMM.dll
0x00007ff9f9ec0000 - 0x00007ff9f9eca000 	C:\Windows\SYSTEM32\VERSION.dll
0x00007ffa02290000 - 0x00007ffa022a2000 	C:\Windows\SYSTEM32\kernel.appcore.dll
0x00007ff9ff4b0000 - 0x00007ff9ff4c0000 	C:\Program Files\Android\Android Studio\jbr\bin\verify.dll
0x00007ffa01800000 - 0x00007ffa019e4000 	C:\Windows\SYSTEM32\DBGHELP.DLL
0x00007ff9eb7e0000 - 0x00007ff9eb814000 	C:\Windows\SYSTEM32\dbgcore.DLL
0x00007ffa03ec0000 - 0x00007ffa03f42000 	C:\Windows\System32\bcryptPrimitives.dll
0x00007ff9b0030000 - 0x00007ff9b0058000 	C:\Program Files\Android\Android Studio\jbr\bin\java.dll
0x00007ff9de7b0000 - 0x00007ff9de7ba000 	C:\Program Files\Android\Android Studio\jbr\bin\jimage.dll
0x00007ff9c6240000 - 0x00007ff9c6258000 	C:\Program Files\Android\Android Studio\jbr\bin\zip.dll
0x00007ffa053e0000 - 0x00007ffa05b24000 	C:\Windows\System32\SHELL32.dll
0x00007ffa01af0000 - 0x00007ffa02283000 	C:\Windows\SYSTEM32\windows.storage.dll
0x00007ffa04a10000 - 0x00007ffa04d64000 	C:\Windows\System32\combase.dll
0x00007ffa034f0000 - 0x00007ffa0351e000 	C:\Windows\SYSTEM32\Wldp.dll
0x00007ffa05b30000 - 0x00007ffa05bdd000 	C:\Windows\System32\SHCORE.dll
0x00007ffa04720000 - 0x00007ffa04775000 	C:\Windows\System32\shlwapi.dll
0x00007ffa039e0000 - 0x00007ffa03a05000 	C:\Windows\SYSTEM32\profapi.dll
0x00007ff9c61d0000 - 0x00007ff9c61e9000 	C:\Program Files\Android\Android Studio\jbr\bin\net.dll
0x00007ff9fda30000 - 0x00007ff9fdb3a000 	C:\Windows\SYSTEM32\WINHTTP.dll
0x00007ffa03250000 - 0x00007ffa032ba000 	C:\Windows\system32\mswsock.dll
0x00007ff9c5cf0000 - 0x00007ff9c5d03000 	C:\Program Files\Android\Android Studio\jbr\bin\nio.dll
0x00007ff9b06a0000 - 0x00007ff9b06c7000 	C:\Users\HP\.gradle\native\e1d6ef7f7dcc3fd88c89a11ec53ec762bb8ba0a96d01ffa2cd45eb1d1d8dd5c5\windows-amd64\native-platform.dll
0x00007ff9d1d50000 - 0x00007ff9d1e94000 	C:\Users\HP\.gradle\native\0d407fdbe67a94daf76414ababcb853783967236a71b16ec16e742cd7a986fd3\windows-amd64\native-platform-file-events.dll
0x00007ff9fc3b0000 - 0x00007ff9fc3ba000 	C:\Program Files\Android\Android Studio\jbr\bin\management.dll
0x00007ff9ecb90000 - 0x00007ff9ecb9b000 	C:\Program Files\Android\Android Studio\jbr\bin\management_ext.dll
0x00007ffa03440000 - 0x00007ffa03458000 	C:\Windows\SYSTEM32\CRYPTSP.dll
0x00007ffa02ac0000 - 0x00007ffa02af4000 	C:\Windows\system32\rsaenh.dll
0x00007ffa03ab0000 - 0x00007ffa03ad7000 	C:\Windows\System32\bcrypt.dll
0x00007ffa039a0000 - 0x00007ffa039ce000 	C:\Windows\SYSTEM32\USERENV.dll
0x00007ffa03460000 - 0x00007ffa0346c000 	C:\Windows\SYSTEM32\CRYPTBASE.dll
0x00007ffa02ef0000 - 0x00007ffa02f2b000 	C:\Windows\SYSTEM32\IPHLPAPI.DLL
0x00007ffa04710000 - 0x00007ffa04718000 	C:\Windows\System32\NSI.dll
0x00007ff9f9ff0000 - 0x00007ff9fa007000 	C:\Windows\SYSTEM32\dhcpcsvc6.DLL
0x00007ff9fa120000 - 0x00007ff9fa13d000 	C:\Windows\SYSTEM32\dhcpcsvc.DLL
0x00007ffa02f40000 - 0x00007ffa0300a000 	C:\Windows\SYSTEM32\DNSAPI.dll

dbghelp: loaded successfully - version: 4.0.5 - missing functions: none
symbol engine: initialized successfully - sym options: 0x614 - pdb path: .;C:\Program Files\Android\Android Studio\jbr\bin;C:\Windows\SYSTEM32;C:\Windows\WinSxS\amd64_microsoft.windows.common-controls_6595b64144ccf1df_6.0.19041.1110_none_60b5254171f9507e;C:\Program Files\Android\Android Studio\jbr\bin\server;C:\Users\HP\.gradle\native\e1d6ef7f7dcc3fd88c89a11ec53ec762bb8ba0a96d01ffa2cd45eb1d1d8dd5c5\windows-amd64;C:\Users\HP\.gradle\native\0d407fdbe67a94daf76414ababcb853783967236a71b16ec16e742cd7a986fd3\windows-amd64

VM Arguments:
jvm_args: -XX:MaxMetaspaceSize=512m --add-opens=java.base/java.util=ALL-UNNAMED --add-opens=java.base/java.lang=ALL-UNNAMED --add-opens=java.base/java.lang.invoke=ALL-UNNAMED --add-opens=java.base/java.util=ALL-UNNAMED --add-opens=java.prefs/java.util.prefs=ALL-UNNAMED --add-opens=java.prefs/java.util.prefs=ALL-UNNAMED --add-opens=java.base/java.nio.charset=ALL-UNNAMED --add-opens=java.base/java.net=ALL-UNNAMED --add-opens=java.base/java.util.concurrent.atomic=ALL-UNNAMED -Xmx2048m -Dfile.encoding=windows-1252 -Duser.country=US -Duser.language=en -Duser.variant 
java_command: org.gradle.launcher.daemon.bootstrap.GradleDaemon 7.5.1
java_class_path (initial): C:\Users\HP\.gradle\wrapper\dists\gradle-7.5.1-all\1ehga6e77gqps5uk2kc5kf1vc\gradle-7.5.1\lib\gradle-launcher-7.5.1.jar
Launcher Type: SUN_STANDARD

[Global flags]
     intx CICompilerCount                          = 4                                         {product} {ergonomic}
   size_t CompressedClassSpaceSize                 = 528482304                                 {product} {ergonomic}
     uint ConcGCThreads                            = 2                                         {product} {ergonomic}
     uint G1ConcRefinementThreads                  = 8                                         {product} {ergonomic}
   size_t G1HeapRegionSize                         = 1048576                                   {product} {ergonomic}
    uintx GCDrainStackTargetSize                   = 64                                        {product} {ergonomic}
   size_t InitialHeapSize                          = 264241152                                 {product} {ergonomic}
   size_t MarkStackSize                            = 4194304                                   {product} {ergonomic}
   size_t MaxHeapSize                              = 2147483648                                {product} {command line}
   size_t MaxMetaspaceSize                         = 536870912                                 {product} {command line}
   size_t MaxNewSize                               = 1287651328                                {product} {ergonomic}
   size_t MinHeapDeltaBytes                        = 1048576                                   {product} {ergonomic}
    uintx NonNMethodCodeHeapSize                   = 5836300                                {pd product} {ergonomic}
    uintx NonProfiledCodeHeapSize                  = 122910970                              {pd product} {ergonomic}
    uintx ProfiledCodeHeapSize                     = 122910970                              {pd product} {ergonomic}
    uintx ReservedCodeCacheSize                    = 251658240                              {pd product} {ergonomic}
     bool SegmentedCodeCache                       = true                                      {product} {ergonomic}
     bool UseCompressedClassPointers               = true                                 {lp64_product} {ergonomic}
     bool UseCompressedOops                        = true                                 {lp64_product} {ergonomic}
     bool UseG1GC                                  = true                                      {product} {ergonomic}
     bool UseLargePagesIndividualAllocation        = false                                  {pd product} {ergonomic}

Logging:
Log output configuration:
 #0: stdout all=warning uptime,level,tags
 #1: stderr all=off uptime,level,tags

Environment Variables:
JAVA_HOME=C:\Program Files\Android\Android Studio\jbr\
CLASSPATH=D:\ShohozSeba\UserApp\android\\gradle\wrapper\gradle-wrapper.jar
PATH=D:\ShohozSeba\UserApp\android\node_modules\.bin;D:\ShohozSeba\UserApp\node_modules\.bin;D:\ShohozSeba\node_modules\.bin;D:\node_modules\.bin;C:\Program Files\nodejs;D:\ShohozSeba\UserApp\node_modules\.bin;D:\ShohozSeba\UserApp\node_modules\.bin;D:\ShohozSeba\node_modules\.bin;D:\node_modules\.bin;C:\Users\HP\AppData\Roaming\nvm\v18.13.0\node_modules\npm\node_modules\@npmcli\run-script\lib\node-gyp-bin;D:\ShohozSeba\UserApp\node_modules\.bin;D:\ShohozSeba\node_modules\.bin;D:\node_modules\.bin;C:\Program Files\nodejs;C:\Users\HP\AppData\Local\Temp\yarn--1693411450376-0.9926936203921977;D:\ShohozSeba\UserApp\node_modules\.bin;C:\Users\HP\AppData\Local\Yarn\Data\link\node_modules\.bin;C:\Users\HP\AppData\Local\Yarn\bin;C:\Program Files\libexec\lib\node_modules\npm\bin\node-gyp-bin;C:\Program Files\lib\node_modules\npm\bin\node-gyp-bin;C:\Program Files\nodejs\node_modules\npm\bin\node-gyp-bin;C:\Users\HP\AppData\Local\cloud-code\installer\google-cloud-sdk\bin;C:\Program Files\Microsoft\jdk-11.0.18.10-hotspot\bin;C:\Windows\system32;C:\Windows;C:\Windows\System32\Wbem;C:\Windows\System32\WindowsPowerShell\v1.0\;C:\Windows\System32\OpenSSH\;C:\Program Files\MongoDB\Server\6.0\bin;C:\Program Files\Git\cmd;C:\xampp\php;C:\ProgramData\chocolatey\bin;C:\Users\HP\AppData\Roaming\roaming\npm\node_modules;F:\Android_Studio\platform-tools;C:\ProgramData\ComposerSetup\bin;C:\Program Files\OpenSSL-Win64\bin;C:\Program Files\PuTTY\;%NVM_HOME%;%NVM_SYMLINK%;F:\Matlab\runtime\win64;F:\Matlab\bin;C:\Users\HP\AppData\Local\Programs\Python\Python37\Scripts\;C:\Users\HP\AppData\Local\Programs\Python\Python37\;C:\Program Files\Git\bin\;C:\xampp\php;C:\Users\HP\AppData\Roaming\npm;F:\FlutterSdk\flutter\bin;C:\ProgramData\chocolatey\bin\;C:\Users\HP\AppData\Local\Programs\Microsoft VS Code\bin;C:\Users\HP\AppData\Local\GitHubDesktop\bin;C:\Users\HP\AppData\Roaming\Composer\vendor\bin;C:\Users\HP\AppData\Roaming\nvm;C:\Program Files\nodejs
USERNAME=HP
LANG=en_US.UTF-8
OS=Windows_NT
PROCESSOR_IDENTIFIER=Intel64 Family 6 Model 140 Stepping 1, GenuineIntel



---------------  S Y S T E M  ---------------

OS: Windows 10 , 64 bit Build 19041 (10.0.19041.3155)
OS uptime: 5 days 19:49 hours
Hyper-V role detected

CPU:total 8 (initial active 8) (4 cores per cpu, 2 threads per core) family 6 model 140 stepping 1 microcode 0x86, cmov, cx8, fxsr, mmx, sse, sse2, sse3, ssse3, sse4.1, sse4.2, popcnt, avx, avx2, aes, clmul, erms, 3dnowpref, lzcnt, ht, tsc, tscinvbit, bmi1, bmi2, adx, evex, sha, fma

Memory: 4k page, system-wide physical 16124M (210M free)
TotalPageFile size 31310M (AvailPageFile size 45M)
current process WorkingSet (physical memory assigned to process): 210M, peak: 231M
current process commit charge ("private bytes"): 416M, peak: 430M

vm_info: OpenJDK 64-Bit Server VM (11.0.15+0-b2043.56-9505619) for windows-amd64 JRE (11.0.15+0-b2043.56-9505619), built on Jan 19 2023 02:48:00 by "builduser" with unknown MS VC++:1929

END.
